"../../../Engine/Content/EditorResources/S_Actor.ubulk" 0
"../../../Engine/Content/EditorResources/S_Actor.uasset" 1
"../../../Engine/Content/EditorResources/S_Actor.uexp" 2
"../../../Engine/Content/EditorResources/S_BoxReflectionCapture.uasset" 3
"../../../Engine/Content/EditorResources/S_BoxReflectionCapture.uexp" 4
"../../../Engine/Content/EngineResources/DefaultTexture.ubulk" 5
"../../../Engine/Content/EngineResources/DefaultTexture.uasset" 6
"../../../Engine/Content/EngineResources/DefaultTexture.uexp" 7
"../../../Engine/Content/EngineResources/DefaultTextureCube.uasset" 8
"../../../Engine/Content/EngineResources/DefaultTextureCube.uexp" 9
"../../../Engine/Content/EngineResources/DefaultVolumeTexture2D.uasset" 10
"../../../Engine/Content/EngineResources/DefaultVolumeTexture2D.uexp" 11
"../../../Engine/Content/EngineResources/DefaultVolumeTexture.uasset" 12
"../../../Engine/Content/EngineResources/DefaultVolumeTexture.uexp" 13
"../../../Engine/Content/EditorResources/S_Trigger.ubulk" 14
"../../../Engine/Content/EditorResources/S_Trigger.uasset" 15
"../../../Engine/Content/EditorResources/S_Trigger.uexp" 16
"../../../Engine/Content/EditorResources/S_TriggerBox.uasset" 17
"../../../Engine/Content/EditorResources/S_TriggerBox.uexp" 18
"../../../Engine/Content/EditorResources/S_TriggerCapsule.uasset" 19
"../../../Engine/Content/EditorResources/S_TriggerCapsule.uexp" 20
"../../../Engine/Content/EditorResources/S_TriggerSphere.uasset" 21
"../../../Engine/Content/EditorResources/S_TriggerSphere.uexp" 22
"../../../Engine/Content/EngineMeshes/Sphere.ubulk" 23
"../../../Engine/Content/EngineMeshes/Sphere.uasset" 24
"../../../Engine/Content/EngineMeshes/Sphere.uexp" 25
"../../../Engine/Content/EngineResources/GradientTexture0.uasset" 26
"../../../Engine/Content/EngineResources/GradientTexture0.uexp" 27
"../../../Engine/Content/EngineResources/Black.uasset" 28
"../../../Engine/Content/EngineResources/Black.uexp" 29
"../../../Engine/Content/VREditor/LaserPointer/VR_LaserPower_01.ubulk" 30
"../../../Engine/Content/VREditor/LaserPointer/VR_LaserPower_01.uasset" 31
"../../../Engine/Content/VREditor/LaserPointer/VR_LaserPower_01.uexp" 32
"../../../Engine/Content/VREditor/TransformGizmo/TransformGizmoMaterial.uasset" 33
"../../../Engine/Content/VREditor/TransformGizmo/TransformGizmoMaterial.uexp" 34
"../../../Engine/Content/VREditor/TransformGizmo/TranslucentTransformGizmoMaterial.uasset" 35
"../../../Engine/Content/VREditor/TransformGizmo/TranslucentTransformGizmoMaterial.uexp" 36
"../../../Engine/Content/VREditor/TransformGizmo/PlaneTranslationHandle.ubulk" 37
"../../../Engine/Content/VREditor/TransformGizmo/PlaneTranslationHandle.uasset" 38
"../../../Engine/Content/VREditor/TransformGizmo/PlaneTranslationHandle.uexp" 39
"../../../Engine/Content/VREditor/TransformGizmo/BoundingBoxCorner.ubulk" 40
"../../../Engine/Content/VREditor/TransformGizmo/BoundingBoxCorner.uasset" 41
"../../../Engine/Content/VREditor/TransformGizmo/BoundingBoxCorner.uexp" 42
"../../../Engine/Content/VREditor/TransformGizmo/BoundingBoxEdge.ubulk" 43
"../../../Engine/Content/VREditor/TransformGizmo/BoundingBoxEdge.uasset" 44
"../../../Engine/Content/VREditor/TransformGizmo/BoundingBoxEdge.uexp" 45
"../../../Engine/Content/VREditor/TransformGizmo/Main.uasset" 46
"../../../Engine/Content/VREditor/TransformGizmo/Main.uexp" 47
"../../../Engine/Content/VREditor/TransformGizmo/Xray.uasset" 48
"../../../Engine/Content/VREditor/TransformGizmo/Xray.uexp" 49
"../../../Engine/Content/VREditor/TransformGizmo/SM_Sequencer_Node.ubulk" 50
"../../../Engine/Content/VREditor/TransformGizmo/SM_Sequencer_Node.uasset" 51
"../../../Engine/Content/VREditor/TransformGizmo/SM_Sequencer_Node.uexp" 52
"../../../Engine/Content/EditorMaterials/Camera/CineMat.uasset" 53
"../../../Engine/Content/EditorMaterials/Camera/CineMat.uexp" 54
"../../../Engine/Content/EditorMaterials/Camera/MI_CineMat_Rig.uasset" 55
"../../../Engine/Content/EditorMaterials/Camera/MI_CineMat_Rig.uexp" 56
"../../../Engine/Content/EditorMeshes/Camera/SM_CraneRig_Base.ubulk" 57
"../../../Engine/Content/EditorMeshes/Camera/SM_CraneRig_Base.uasset" 58
"../../../Engine/Content/EditorMeshes/Camera/SM_CraneRig_Base.uexp" 59
"../../../Engine/Content/EditorMeshes/Camera/SM_CraneRig_Arm.ubulk" 60
"../../../Engine/Content/EditorMeshes/Camera/SM_CraneRig_Arm.uasset" 61
"../../../Engine/Content/EditorMeshes/Camera/SM_CraneRig_Arm.uexp" 62
"../../../Engine/Content/EditorMeshes/Camera/SM_CraneRig_Mount.ubulk" 63
"../../../Engine/Content/EditorMeshes/Camera/SM_CraneRig_Mount.uasset" 64
"../../../Engine/Content/EditorMeshes/Camera/SM_CraneRig_Mount.uexp" 65
"../../../Engine/Content/EditorMeshes/Camera/SM_CraneRig_Body.ubulk" 66
"../../../Engine/Content/EditorMeshes/Camera/SM_CraneRig_Body.uasset" 67
"../../../Engine/Content/EditorMeshes/Camera/SM_CraneRig_Body.uexp" 68
"../../../Engine/Content/EditorMeshes/Camera/SM_RailRig_Track.ubulk" 69
"../../../Engine/Content/EditorMeshes/Camera/SM_RailRig_Track.uasset" 70
"../../../Engine/Content/EditorMeshes/Camera/SM_RailRig_Track.uexp" 71
"../../../Engine/Content/EditorMeshes/Camera/SM_RailRig_Mount.ubulk" 72
"../../../Engine/Content/EditorMeshes/Camera/SM_RailRig_Mount.uasset" 73
"../../../Engine/Content/EditorMeshes/Camera/SM_RailRig_Mount.uexp" 74
"../../../Engine/Content/EngineMaterials/T_Default_Material_Grid_M.ubulk" 75
"../../../Engine/Content/EngineMaterials/T_Default_Material_Grid_M.uasset" 76
"../../../Engine/Content/EngineMaterials/T_Default_Material_Grid_M.uexp" 77
"../../../Engine/Content/EngineMaterials/T_Default_Material_Grid_N.ubulk" 78
"../../../Engine/Content/EngineMaterials/T_Default_Material_Grid_N.uasset" 79
"../../../Engine/Content/EngineMaterials/T_Default_Material_Grid_N.uexp" 80
"../../../Engine/Content/Functions/Engine_MaterialFunctions01/Opacity/CameraDepthFade.uasset" 81
"../../../Engine/Content/Functions/Engine_MaterialFunctions01/Opacity/CameraDepthFade.uexp" 82
"../../../Engine/Content/EngineMaterials/WorldGridMaterial.uasset" 83
"../../../Engine/Content/EngineMaterials/WorldGridMaterial.uexp" 84
"../../../Engine/Content/ArtTools/RenderToTexture/Meshes/S_1_Unit_Plane.ubulk" 85
"../../../Engine/Content/ArtTools/RenderToTexture/Meshes/S_1_Unit_Plane.uasset" 86
"../../../Engine/Content/ArtTools/RenderToTexture/Meshes/S_1_Unit_Plane.uexp" 87
"../../../Engine/Content/EditorMaterials/ParticleSystems/PSysThumbnail_NoImage.ubulk" 88
"../../../Engine/Content/EditorMaterials/ParticleSystems/PSysThumbnail_NoImage.uasset" 89
"../../../Engine/Content/EditorMaterials/ParticleSystems/PSysThumbnail_NoImage.uexp" 90
"../../../Engine/Content/EditorMaterials/ParticleSystems/PSysThumbnail_OOD.ubulk" 91
"../../../Engine/Content/EditorMaterials/ParticleSystems/PSysThumbnail_OOD.uasset" 92
"../../../Engine/Content/EditorMaterials/ParticleSystems/PSysThumbnail_OOD.uexp" 93
"../../../Engine/Content/EditorLandscapeResources/SplineEditorMeshMat.uasset" 94
"../../../Engine/Content/EditorLandscapeResources/SplineEditorMeshMat.uexp" 95
"../../../Engine/Content/EditorLandscapeResources/SplineEditorMesh.ubulk" 96
"../../../Engine/Content/EditorLandscapeResources/SplineEditorMesh.uasset" 97
"../../../Engine/Content/EditorLandscapeResources/SplineEditorMesh.uexp" 98
"../../../Engine/Content/EditorResources/S_Solver.ubulk" 99
"../../../Engine/Content/EditorResources/S_Solver.uasset" 100
"../../../Engine/Content/EditorResources/S_Solver.uexp" 101
"../../../Engine/Plugins/Media/MediaPlate/Content/SM_MediaPlateScreen.ubulk" 102
"../../../Engine/Plugins/Media/MediaPlate/Content/SM_MediaPlateScreen.uasset" 103
"../../../Engine/Plugins/Media/MediaPlate/Content/SM_MediaPlateScreen.uexp" 104
"../../../Engine/Content/EngineMaterials/Good64x64TilingNoiseHighFreq.uasset" 105
"../../../Engine/Content/EngineMaterials/Good64x64TilingNoiseHighFreq.uexp" 106
"../../../Engine/Content/EngineMaterials/DefaultBokeh.uasset" 107
"../../../Engine/Content/EngineMaterials/DefaultBokeh.uexp" 108
"../../../Engine/Content/EngineMaterials/PreintegratedSkinBRDF.uasset" 109
"../../../Engine/Content/EngineMaterials/PreintegratedSkinBRDF.uexp" 110
"../../../Engine/Content/EngineMaterials/MiniFont.uasset" 111
"../../../Engine/Content/EngineMaterials/MiniFont.uexp" 112
"../../../Engine/Content/EngineMaterials/WeightMapPlaceholderTexture.uasset" 113
"../../../Engine/Content/EngineMaterials/WeightMapPlaceholderTexture.uexp" 114
"../../../Engine/Content/EngineMaterials/DefaultWhiteGrid.ubulk" 115
"../../../Engine/Content/EngineMaterials/DefaultWhiteGrid.uasset" 116
"../../../Engine/Content/EngineMaterials/DefaultWhiteGrid.uexp" 117
"../../../Engine/Content/EngineMaterials/DefaultMaterial.uasset" 118
"../../../Engine/Content/EngineMaterials/DefaultMaterial.uexp" 119
"../../../Engine/Content/BasicShapes/Sphere.ubulk" 120
"../../../Engine/Content/BasicShapes/Sphere.uasset" 121
"../../../Engine/Content/BasicShapes/Sphere.uexp" 122
"../../../Engine/Content/BasicShapes/Plane.ubulk" 123
"../../../Engine/Content/BasicShapes/Plane.uasset" 124
"../../../Engine/Content/BasicShapes/Plane.uexp" 125
"../../../Engine/Content/BasicShapes/Cylinder.ubulk" 126
"../../../Engine/Content/BasicShapes/Cylinder.uasset" 127
"../../../Engine/Content/BasicShapes/Cylinder.uexp" 128
"../../../Engine/Content/BasicShapes/Cube.ubulk" 129
"../../../Engine/Content/BasicShapes/Cube.uasset" 130
"../../../Engine/Content/BasicShapes/Cube.uexp" 131
"../../../Engine/Content/BasicShapes/Cone.ubulk" 132
"../../../Engine/Content/BasicShapes/Cone.uasset" 133
"../../../Engine/Content/BasicShapes/Cone.uexp" 134
"../../../Engine/Content/EditorLandscapeResources/DefaultAlphaTexture.uasset" 135
"../../../Engine/Content/EditorLandscapeResources/DefaultAlphaTexture.uexp" 136
"../../../Engine/Content/EditorLandscapeResources/DataLayer.uasset" 137
"../../../Engine/Content/EditorLandscapeResources/DataLayer.uexp" 138
"../../../Engine/Content/EditorMaterials/PreviewShadowIndicator.ubulk" 139
"../../../Engine/Content/EditorMaterials/PreviewShadowIndicator.uasset" 140
"../../../Engine/Content/EditorMaterials/PreviewShadowIndicator.uexp" 141
"../../../Engine/Content/EditorMaterials/PreviewShadowIndicatorMaterial.uasset" 142
"../../../Engine/Content/EditorMaterials/PreviewShadowIndicatorMaterial.uexp" 143
"../../../Engine/Content/EditorMaterials/PhAT_UnselectedMaterial.uasset" 144
"../../../Engine/Content/EditorMaterials/PhAT_UnselectedMaterial.uexp" 145
"../../../Engine/Content/EditorMaterials/PhAT_NoCollisionMaterial.uasset" 146
"../../../Engine/Content/EditorMaterials/PhAT_NoCollisionMaterial.uexp" 147
"../../../Engine/Content/Functions/Engine_MaterialFunctions02/Utility/MakeFloat4.uasset" 148
"../../../Engine/Content/Functions/Engine_MaterialFunctions02/Utility/MakeFloat4.uexp" 149
"../../../Engine/Content/Functions/Engine_MaterialFunctions02/Utility/MakeFloat3.uasset" 150
"../../../Engine/Content/Functions/Engine_MaterialFunctions02/Utility/MakeFloat3.uexp" 151
"../../../Engine/Content/Functions/Engine_MaterialFunctions02/Utility/BreakOutFloat3Components.uasset" 152
"../../../Engine/Content/Functions/Engine_MaterialFunctions02/Utility/BreakOutFloat3Components.uexp" 153
"../../../Engine/Content/EditorMaterials/WorldPartition/WorldPartitionSpatialHashGridPreviewMaterial.uasset" 154
"../../../Engine/Content/EditorMaterials/WorldPartition/WorldPartitionSpatialHashGridPreviewMaterial.uexp" 155
"../../../Engine/Content/EditorResources/S_Terrain.ubulk" 156
"../../../Engine/Content/EditorResources/S_Terrain.uasset" 157
"../../../Engine/Content/EditorResources/S_Terrain.uexp" 158
"../../../Engine/Content/EditorResources/EmptyActor.uasset" 159
"../../../Engine/Content/EditorResources/EmptyActor.uexp" 160
"../../../Engine/Content/EditorResources/BSPVertex.uasset" 161
"../../../Engine/Content/EditorResources/BSPVertex.uexp" 162
"../../../Engine/Content/EditorResources/SequenceRecorder/RecordingIndicator.uasset" 163
"../../../Engine/Content/EditorResources/SequenceRecorder/RecordingIndicator.uexp" 164
"../../../Engine/Content/EditorResources/SequenceRecorder/Countdown.uasset" 165
"../../../Engine/Content/EditorResources/SequenceRecorder/Countdown.uexp" 166
"../../../Engine/Content/EngineDamageTypes/DmgTypeBP_Environmental.uasset" 167
"../../../Engine/Content/EngineDamageTypes/DmgTypeBP_Environmental.uexp" 168
"../../../Engine/Content/Functions/Engine_MaterialFunctions02/Utility/CameraDirectionVector.uasset" 169
"../../../Engine/Content/Functions/Engine_MaterialFunctions02/Utility/CameraDirectionVector.uexp" 170
"../../../Engine/Content/EngineDebugMaterials/VolumeToRender.uasset" 171
"../../../Engine/Content/EngineDebugMaterials/VolumeToRender.uexp" 172
"../../../Engine/Content/EngineDebugMaterials/M_VolumeRenderSphereTracePP.uasset" 173
"../../../Engine/Content/EngineDebugMaterials/M_VolumeRenderSphereTracePP.uexp" 174
"../../../Engine/Content/EngineDebugMaterials/M_SimpleUnlitTranslucent.uasset" 175
"../../../Engine/Content/EngineDebugMaterials/M_SimpleUnlitTranslucent.uexp" 176
"../../../Engine/Content/EngineDebugMaterials/DebugMeshMaterial.uasset" 177
"../../../Engine/Content/EngineDebugMaterials/DebugMeshMaterial.uexp" 178
"../../../Engine/Content/EngineDebugMaterials/DebugEditorMaterial.uasset" 179
"../../../Engine/Content/EngineDebugMaterials/DebugEditorMaterial.uexp" 180
"../../../Engine/Content/EngineFonts/Faces/RobotoLight.uexp" 181
"../../../Engine/Content/EngineFonts/Faces/RobotoLight.uasset" 182
"../../../Engine/Content/EngineFonts/Faces/RobotoLight.ufont" 183
"../../../Engine/Content/EngineFonts/Faces/RobotoBold.uexp" 184
"../../../Engine/Content/EngineFonts/Faces/RobotoBold.uasset" 185
"../../../Engine/Content/EngineFonts/Faces/RobotoBold.ufont" 186
"../../../Engine/Content/EngineFonts/Faces/RobotoRegular.uexp" 187
"../../../Engine/Content/EngineFonts/Faces/RobotoRegular.uasset" 188
"../../../Engine/Content/EngineFonts/Faces/RobotoRegular.ufont" 189
"../../../Engine/Content/EngineFonts/Faces/DroidSansFallback.uexp" 190
"../../../Engine/Content/EngineFonts/Faces/DroidSansFallback.uasset" 191
"../../../Engine/Content/EngineFonts/Faces/DroidSansFallback.ufont" 192
"../../../Engine/Content/EngineFonts/Faces/RobotoItalic.uexp" 193
"../../../Engine/Content/EngineFonts/Faces/RobotoItalic.uasset" 194
"../../../Engine/Content/EngineFonts/Faces/RobotoItalic.ufont" 195
"../../../Engine/Content/EngineFonts/Faces/RobotoBoldItalic.uexp" 196
"../../../Engine/Content/EngineFonts/Faces/RobotoBoldItalic.uasset" 197
"../../../Engine/Content/EngineFonts/Faces/RobotoBoldItalic.ufont" 198
"../../../Engine/Content/EngineFonts/Roboto.uasset" 199
"../../../Engine/Content/EngineFonts/Roboto.uexp" 200
"../../../Engine/Content/EngineResources/WhiteSquareTexture.uasset" 201
"../../../Engine/Content/EngineResources/WhiteSquareTexture.uexp" 202
"../../../Engine/Content/EngineMaterials/Widget3DPassThrough.uasset" 203
"../../../Engine/Content/EngineMaterials/Widget3DPassThrough.uexp" 204
"../../../Engine/Content/EngineMaterials/Widget3DPassThrough_Translucent.uasset" 205
"../../../Engine/Content/EngineMaterials/Widget3DPassThrough_Translucent.uexp" 206
"../../../Engine/Content/EngineMaterials/Widget3DPassThrough_Translucent_OneSided.uasset" 207
"../../../Engine/Content/EngineMaterials/Widget3DPassThrough_Translucent_OneSided.uexp" 208
"../../../Engine/Content/EngineMaterials/Widget3DPassThrough_Opaque.uasset" 209
"../../../Engine/Content/EngineMaterials/Widget3DPassThrough_Opaque.uexp" 210
"../../../Engine/Content/EngineMaterials/Widget3DPassThrough_Opaque_OneSided.uasset" 211
"../../../Engine/Content/EngineMaterials/Widget3DPassThrough_Opaque_OneSided.uexp" 212
"../../../Engine/Content/EngineMaterials/Widget3DPassThrough_Masked_OneSided.uasset" 213
"../../../Engine/Content/EngineMaterials/Widget3DPassThrough_Masked_OneSided.uexp" 214
"../../../Engine/Content/EngineMaterials/Widget3DPassThrough_Masked.uasset" 215
"../../../Engine/Content/EngineMaterials/Widget3DPassThrough_Masked.uexp" 216
"C:/Users/vantan/Documents/Vantan/Unreal Project/Unreal3/Shooting/Content/Horror_Pack_Vol_1/Zombie_mutant/Mesh/SK_Zombie_mutant_PhysicsAsset.uasset" 217
"C:/Users/vantan/Documents/Vantan/Unreal Project/Unreal3/Shooting/Content/Horror_Pack_Vol_1/Zombie_mutant/Mesh/SK_Zombie_mutant_PhysicsAsset.uexp" 218
"C:/Users/vantan/Documents/Vantan/Unreal Project/Unreal3/Shooting/Content/Horror_Pack_Vol_1/Zombie_mutant/Mesh/SK_Zombie_mutant_Skeleton.uasset" 219
"C:/Users/vantan/Documents/Vantan/Unreal Project/Unreal3/Shooting/Content/Horror_Pack_Vol_1/Zombie_mutant/Mesh/SK_Zombie_mutant_Skeleton.uexp" 220
"C:/Users/vantan/Documents/Vantan/Unreal Project/Unreal3/Shooting/Content/Horror_Pack_Vol_1/Zombie_mutant/Textures/T_Zombie_mutant_Normal.ubulk" 221
"C:/Users/vantan/Documents/Vantan/Unreal Project/Unreal3/Shooting/Content/Horror_Pack_Vol_1/Zombie_mutant/Textures/T_Zombie_mutant_Normal.uasset" 222
"C:/Users/vantan/Documents/Vantan/Unreal Project/Unreal3/Shooting/Content/Horror_Pack_Vol_1/Zombie_mutant/Textures/T_Zombie_mutant_Normal.uexp" 223
"C:/Users/vantan/Documents/Vantan/Unreal Project/Unreal3/Shooting/Content/Horror_Pack_Vol_1/Zombie_mutant/Textures/T_Zombie_mutant_Emissive.ubulk" 224
"C:/Users/vantan/Documents/Vantan/Unreal Project/Unreal3/Shooting/Content/Horror_Pack_Vol_1/Zombie_mutant/Textures/T_Zombie_mutant_Emissive.uasset" 225
"C:/Users/vantan/Documents/Vantan/Unreal Project/Unreal3/Shooting/Content/Horror_Pack_Vol_1/Zombie_mutant/Textures/T_Zombie_mutant_Emissive.uexp" 226
"C:/Users/vantan/Documents/Vantan/Unreal Project/Unreal3/Shooting/Content/Horror_Pack_Vol_1/Zombie_mutant/Textures/T_Zombie_mutant_Albedo.ubulk" 227
"C:/Users/vantan/Documents/Vantan/Unreal Project/Unreal3/Shooting/Content/Horror_Pack_Vol_1/Zombie_mutant/Textures/T_Zombie_mutant_Albedo.uasset" 228
"C:/Users/vantan/Documents/Vantan/Unreal Project/Unreal3/Shooting/Content/Horror_Pack_Vol_1/Zombie_mutant/Textures/T_Zombie_mutant_Albedo.uexp" 229
"C:/Users/vantan/Documents/Vantan/Unreal Project/Unreal3/Shooting/Content/Horror_Pack_Vol_1/Zombie_mutant/Textures/T_Zombie_mutant_Occlusion+Roughness+Metallic.ubulk" 230
"C:/Users/vantan/Documents/Vantan/Unreal Project/Unreal3/Shooting/Content/Horror_Pack_Vol_1/Zombie_mutant/Textures/T_Zombie_mutant_Occlusion+Roughness+Metallic.uasset" 231
"C:/Users/vantan/Documents/Vantan/Unreal Project/Unreal3/Shooting/Content/Horror_Pack_Vol_1/Zombie_mutant/Textures/T_Zombie_mutant_Occlusion+Roughness+Metallic.uexp" 232
"C:/Users/vantan/Documents/Vantan/Unreal Project/Unreal3/Shooting/Content/Horror_Pack_Vol_1/Zombie_mutant/Materials/Mat_Zombie_mutant.uasset" 233
"C:/Users/vantan/Documents/Vantan/Unreal Project/Unreal3/Shooting/Content/Horror_Pack_Vol_1/Zombie_mutant/Materials/Mat_Zombie_mutant.uexp" 234
"C:/Users/vantan/Documents/Vantan/Unreal Project/Unreal3/Shooting/Content/Horror_Pack_Vol_1/Zombie_mutant/Mesh/SK_Zombie_mutant.uasset" 235
"C:/Users/vantan/Documents/Vantan/Unreal Project/Unreal3/Shooting/Content/Horror_Pack_Vol_1/Zombie_mutant/Mesh/SK_Zombie_mutant.uexp" 236
"../../../Engine/Content/EngineMaterials/STBlueNoise_vec2_128x128x64.uasset" 237
"../../../Engine/Content/EngineMaterials/STBlueNoise_vec2_128x128x64.uexp" 238
"../../../Engine/Content/EngineMaterials/STBlueNoise_scalar_128x128x64.uasset" 239
"../../../Engine/Content/EngineMaterials/STBlueNoise_scalar_128x128x64.uexp" 240
"../../../Engine/Content/EngineMaterials/RemoveSurfaceMaterial.uasset" 241
"../../../Engine/Content/EngineMaterials/RemoveSurfaceMaterial.uexp" 242
"../../../Engine/Content/Animation/DefaultAnimCurveCompressionSettings.uasset" 243
"../../../Engine/Content/Animation/DefaultAnimCurveCompressionSettings.uexp" 244
"../../../Engine/Content/Animation/DefaultAnimBoneCompressionSettings.uasset" 245
"../../../Engine/Content/Animation/DefaultAnimBoneCompressionSettings.uexp" 246
"C:/Users/vantan/Documents/Vantan/Unreal Project/Unreal3/Shooting/Content/FirstPersonArms/Character/Mesh/SK_Mannequin_Arms_Skeleton.uasset" 247
"C:/Users/vantan/Documents/Vantan/Unreal Project/Unreal3/Shooting/Content/FirstPersonArms/Character/Mesh/SK_Mannequin_Arms_Skeleton.uexp" 248
"C:/Users/vantan/Documents/Vantan/Unreal Project/Unreal3/Shooting/Content/FirstPersonArms/Animations/FP_Rifle_Idle.uasset" 249
"C:/Users/vantan/Documents/Vantan/Unreal Project/Unreal3/Shooting/Content/FirstPersonArms/Animations/FP_Rifle_Idle.uexp" 250
"C:/Users/vantan/Documents/Vantan/Unreal Project/Unreal3/Shooting/Content/FirstPersonArms/Animations/FP_Rifle_Land.uasset" 251
"C:/Users/vantan/Documents/Vantan/Unreal Project/Unreal3/Shooting/Content/FirstPersonArms/Animations/FP_Rifle_Land.uexp" 252
"C:/Users/vantan/Documents/Vantan/Unreal Project/Unreal3/Shooting/Content/FirstPersonArms/Animations/FP_Rifle_Run.uasset" 253
"C:/Users/vantan/Documents/Vantan/Unreal Project/Unreal3/Shooting/Content/FirstPersonArms/Animations/FP_Rifle_Run.uexp" 254
"C:/Users/vantan/Documents/Vantan/Unreal Project/Unreal3/Shooting/Content/FirstPersonArms/Animations/FP_Rifle_Falling.uasset" 255
"C:/Users/vantan/Documents/Vantan/Unreal Project/Unreal3/Shooting/Content/FirstPersonArms/Animations/FP_Rifle_Falling.uexp" 256
"../../../Engine/Content/Animation/DefaultRecorderBoneCompression.uasset" 257
"../../../Engine/Content/Animation/DefaultRecorderBoneCompression.uexp" 258
"C:/Users/vantan/Documents/Vantan/Unreal Project/Unreal3/Shooting/Content/FirstPersonArms/Animations/FP_Idle.uasset" 259
"C:/Users/vantan/Documents/Vantan/Unreal Project/Unreal3/Shooting/Content/FirstPersonArms/Animations/FP_Idle.uexp" 260
"C:/Users/vantan/Documents/Vantan/Unreal Project/Unreal3/Shooting/Content/FirstPersonArms/Animations/FP_Jump.uasset" 261
"C:/Users/vantan/Documents/Vantan/Unreal Project/Unreal3/Shooting/Content/FirstPersonArms/Animations/FP_Jump.uexp" 262
"C:/Users/vantan/Documents/Vantan/Unreal Project/Unreal3/Shooting/Content/FirstPersonArms/Animations/FP_Run_Fwd.uasset" 263
"C:/Users/vantan/Documents/Vantan/Unreal Project/Unreal3/Shooting/Content/FirstPersonArms/Animations/FP_Run_Fwd.uexp" 264
"C:/Users/vantan/Documents/Vantan/Unreal Project/Unreal3/Shooting/Content/FirstPersonArms/Animations/FP_Land.uasset" 265
"C:/Users/vantan/Documents/Vantan/Unreal Project/Unreal3/Shooting/Content/FirstPersonArms/Animations/FP_Land.uexp" 266
"C:/Users/vantan/Documents/Vantan/Unreal Project/Unreal3/Shooting/Content/FirstPersonArms/Animations/FP_Falling.uasset" 267
"C:/Users/vantan/Documents/Vantan/Unreal Project/Unreal3/Shooting/Content/FirstPersonArms/Animations/FP_Falling.uexp" 268
"C:/Users/vantan/Documents/Vantan/Unreal Project/Unreal3/Shooting/Content/FirstPersonArms/Animations/FP_Rifle_Jump.uasset" 269
"C:/Users/vantan/Documents/Vantan/Unreal Project/Unreal3/Shooting/Content/FirstPersonArms/Animations/FP_Rifle_Jump.uexp" 270
"../../../Engine/Content/EditorBlueprintResources/StandardMacros.uasset" 271
"../../../Engine/Content/EditorBlueprintResources/StandardMacros.uexp" 272
"C:/Users/vantan/Documents/Vantan/Unreal Project/Unreal3/Shooting/Content/FirstPerson/Input/Actions/IA_Look.uasset" 273
"C:/Users/vantan/Documents/Vantan/Unreal Project/Unreal3/Shooting/Content/FirstPerson/Input/Actions/IA_Look.uexp" 274
"../../../Engine/Content/Functions/Engine_MaterialFunctions02/Utility/BlendAngleCorrectedNormals.uasset" 275
"../../../Engine/Content/Functions/Engine_MaterialFunctions02/Utility/BlendAngleCorrectedNormals.uexp" 276
"../../../Engine/Content/Functions/MaterialLayerFunctions/MatLayerBlend_NormalBlend.uasset" 277
"../../../Engine/Content/Functions/MaterialLayerFunctions/MatLayerBlend_NormalBlend.uexp" 278
"C:/Users/vantan/Documents/Vantan/Unreal Project/Unreal3/Shooting/Content/FirstPersonArms/Character/Materials/MaterialLayers/T_ML_Rubber_Blue_01_N.ubulk" 279
"C:/Users/vantan/Documents/Vantan/Unreal Project/Unreal3/Shooting/Content/FirstPersonArms/Character/Materials/MaterialLayers/T_ML_Rubber_Blue_01_N.uasset" 280
"C:/Users/vantan/Documents/Vantan/Unreal Project/Unreal3/Shooting/Content/FirstPersonArms/Character/Materials/MaterialLayers/T_ML_Rubber_Blue_01_N.uexp" 281
"C:/Users/vantan/Documents/Vantan/Unreal Project/Unreal3/Shooting/Content/FirstPersonArms/Character/Materials/MaterialLayers/T_ML_Rubber_Blue_01_D.ubulk" 282
"C:/Users/vantan/Documents/Vantan/Unreal Project/Unreal3/Shooting/Content/FirstPersonArms/Character/Materials/MaterialLayers/T_ML_Rubber_Blue_01_D.uasset" 283
"C:/Users/vantan/Documents/Vantan/Unreal Project/Unreal3/Shooting/Content/FirstPersonArms/Character/Materials/MaterialLayers/T_ML_Rubber_Blue_01_D.uexp" 284
"C:/Users/vantan/Documents/Vantan/Unreal Project/Unreal3/Shooting/Content/FirstPersonArms/Character/Materials/MaterialLayers/ML_GlossyBlack_Latex_UE4.uasset" 285
"C:/Users/vantan/Documents/Vantan/Unreal Project/Unreal3/Shooting/Content/FirstPersonArms/Character/Materials/MaterialLayers/ML_GlossyBlack_Latex_UE4.uexp" 286
"C:/Users/vantan/Documents/Vantan/Unreal Project/Unreal3/Shooting/Content/FirstPersonArms/Character/Textures/UE4_Mannequin_MAT_MASKA.ubulk" 287
"C:/Users/vantan/Documents/Vantan/Unreal Project/Unreal3/Shooting/Content/FirstPersonArms/Character/Textures/UE4_Mannequin_MAT_MASKA.uasset" 288
"C:/Users/vantan/Documents/Vantan/Unreal Project/Unreal3/Shooting/Content/FirstPersonArms/Character/Textures/UE4_Mannequin_MAT_MASKA.uexp" 289
"C:/Users/vantan/Documents/Vantan/Unreal Project/Unreal3/Shooting/Content/FirstPersonArms/Character/Textures/UE4_LOGO_CARD.ubulk" 290
"C:/Users/vantan/Documents/Vantan/Unreal Project/Unreal3/Shooting/Content/FirstPersonArms/Character/Textures/UE4_LOGO_CARD.uasset" 291
"C:/Users/vantan/Documents/Vantan/Unreal Project/Unreal3/Shooting/Content/FirstPersonArms/Character/Textures/UE4_LOGO_CARD.uexp" 292
"C:/Users/vantan/Documents/Vantan/Unreal Project/Unreal3/Shooting/Content/FirstPersonArms/Character/Materials/MaterialLayers/ML_Plastic_Shiny_Beige_LOGO.uasset" 293
"C:/Users/vantan/Documents/Vantan/Unreal Project/Unreal3/Shooting/Content/FirstPersonArms/Character/Materials/MaterialLayers/ML_Plastic_Shiny_Beige_LOGO.uexp" 294
"../../../Engine/Content/Functions/MaterialLayerFunctions/MatLayerBlend_Simple.uasset" 295
"../../../Engine/Content/Functions/MaterialLayerFunctions/MatLayerBlend_Simple.uexp" 296
"C:/Users/vantan/Documents/Vantan/Unreal Project/Unreal3/Shooting/Content/FirstPersonArms/Character/Materials/MaterialLayers/T_ML_Aluminum01.ubulk" 297
"C:/Users/vantan/Documents/Vantan/Unreal Project/Unreal3/Shooting/Content/FirstPersonArms/Character/Materials/MaterialLayers/T_ML_Aluminum01.uasset" 298
"C:/Users/vantan/Documents/Vantan/Unreal Project/Unreal3/Shooting/Content/FirstPersonArms/Character/Materials/MaterialLayers/T_ML_Aluminum01.uexp" 299
"C:/Users/vantan/Documents/Vantan/Unreal Project/Unreal3/Shooting/Content/FirstPersonArms/Character/Materials/MaterialLayers/T_ML_Aluminum01_N.ubulk" 300
"C:/Users/vantan/Documents/Vantan/Unreal Project/Unreal3/Shooting/Content/FirstPersonArms/Character/Materials/MaterialLayers/T_ML_Aluminum01_N.uasset" 301
"C:/Users/vantan/Documents/Vantan/Unreal Project/Unreal3/Shooting/Content/FirstPersonArms/Character/Materials/MaterialLayers/T_ML_Aluminum01_N.uexp" 302
"C:/Users/vantan/Documents/Vantan/Unreal Project/Unreal3/Shooting/Content/FirstPersonArms/Character/Materials/MaterialLayers/ML_SoftMetal_UE4.uasset" 303
"C:/Users/vantan/Documents/Vantan/Unreal Project/Unreal3/Shooting/Content/FirstPersonArms/Character/Materials/MaterialLayers/ML_SoftMetal_UE4.uexp" 304
"C:/Users/vantan/Documents/Vantan/Unreal Project/Unreal3/Shooting/Content/FirstPersonArms/Character/Materials/MaterialLayers/ML_Plastic_Shiny_Beige.uasset" 305
"C:/Users/vantan/Documents/Vantan/Unreal Project/Unreal3/Shooting/Content/FirstPersonArms/Character/Materials/MaterialLayers/ML_Plastic_Shiny_Beige.uexp" 306
"C:/Users/vantan/Documents/Vantan/Unreal Project/Unreal3/Shooting/Content/FirstPersonArms/Character/Textures/UE4_Mannequin__normals.ubulk" 307
"C:/Users/vantan/Documents/Vantan/Unreal Project/Unreal3/Shooting/Content/FirstPersonArms/Character/Textures/UE4_Mannequin__normals.uasset" 308
"C:/Users/vantan/Documents/Vantan/Unreal Project/Unreal3/Shooting/Content/FirstPersonArms/Character/Textures/UE4_Mannequin__normals.uexp" 309
"C:/Users/vantan/Documents/Vantan/Unreal Project/Unreal3/Shooting/Content/FirstPersonArms/Character/Materials/M_UE4Man_Body.uasset" 310
"C:/Users/vantan/Documents/Vantan/Unreal Project/Unreal3/Shooting/Content/FirstPersonArms/Character/Materials/M_UE4Man_Body.uexp" 311
"C:/Users/vantan/Documents/Vantan/Unreal Project/Unreal3/Shooting/Content/FirstPersonArms/Character/Mesh/SK_Mannequin_Arms_PhysicsAsset.uasset" 312
"C:/Users/vantan/Documents/Vantan/Unreal Project/Unreal3/Shooting/Content/FirstPersonArms/Character/Mesh/SK_Mannequin_Arms_PhysicsAsset.uexp" 313
"C:/Users/vantan/Documents/Vantan/Unreal Project/Unreal3/Shooting/Content/FirstPersonArms/Character/Mesh/SK_Mannequin_Arms.uasset" 314
"C:/Users/vantan/Documents/Vantan/Unreal Project/Unreal3/Shooting/Content/FirstPersonArms/Character/Mesh/SK_Mannequin_Arms.uexp" 315
"C:/Users/vantan/Documents/Vantan/Unreal Project/Unreal3/Shooting/Content/FirstPerson/Input/Actions/IA_Move.uasset" 316
"C:/Users/vantan/Documents/Vantan/Unreal Project/Unreal3/Shooting/Content/FirstPerson/Input/Actions/IA_Move.uexp" 317
"C:/Users/vantan/Documents/Vantan/Unreal Project/Unreal3/Shooting/Content/FirstPerson/Input/Actions/IA_Jump.uasset" 318
"C:/Users/vantan/Documents/Vantan/Unreal Project/Unreal3/Shooting/Content/FirstPerson/Input/Actions/IA_Jump.uexp" 319
"C:/Users/vantan/Documents/Vantan/Unreal Project/Unreal3/Shooting/Content/FirstPerson/Input/IMC_Default.uasset" 320
"C:/Users/vantan/Documents/Vantan/Unreal Project/Unreal3/Shooting/Content/FirstPerson/Input/IMC_Default.uexp" 321
"C:/Users/vantan/Documents/Vantan/Unreal Project/Unreal3/Shooting/Content/FirstPerson/Blueprints/BP_FirstPersonCharacter.uasset" 322
"C:/Users/vantan/Documents/Vantan/Unreal Project/Unreal3/Shooting/Content/FirstPerson/Blueprints/BP_FirstPersonCharacter.uexp" 323
"C:/Users/vantan/Documents/Vantan/Unreal Project/Unreal3/Shooting/Content/FirstPersonArms/Animations/FirstPerson_AnimBP.uasset" 324
"C:/Users/vantan/Documents/Vantan/Unreal Project/Unreal3/Shooting/Content/FirstPersonArms/Animations/FirstPerson_AnimBP.uexp" 325
"C:/Users/vantan/Documents/Vantan/Unreal Project/Unreal3/Shooting/Content/Player/BluePrints/BP_PlayerCharacter.uasset" 326
"C:/Users/vantan/Documents/Vantan/Unreal Project/Unreal3/Shooting/Content/Player/BluePrints/BP_PlayerCharacter.uexp" 327
"../../../Engine/Content/EngineMaterials/DefaultCalibrationGrayscale.uasset" 328
"../../../Engine/Content/EngineMaterials/DefaultCalibrationGrayscale.uexp" 329
"../../../Engine/Content/EngineMaterials/PPM_DefaultCalibrationGrayscale.uasset" 330
"../../../Engine/Content/EngineMaterials/PPM_DefaultCalibrationGrayscale.uexp" 331
"../../../Engine/Content/EngineMaterials/DefaultCalibrationColor.uasset" 332
"../../../Engine/Content/EngineMaterials/DefaultCalibrationColor.uexp" 333
"../../../Engine/Content/EngineMaterials/PPM_DefaultCalibrationColor.uasset" 334
"../../../Engine/Content/EngineMaterials/PPM_DefaultCalibrationColor.uexp" 335
"../../../Engine/Content/Functions/Engine_MaterialFunctions02/WorldPositionOffset/CameraOffset.uasset" 336
"../../../Engine/Content/Functions/Engine_MaterialFunctions02/WorldPositionOffset/CameraOffset.uexp" 337
"../../../Engine/Content/EngineMaterials/PhAT_JointLimitMaterial.uasset" 338
"../../../Engine/Content/EngineMaterials/PhAT_JointLimitMaterial.uexp" 339
"../../../Engine/Content/EngineMaterials/InvalidLightmapSettings.ubulk" 340
"../../../Engine/Content/EngineMaterials/InvalidLightmapSettings.uasset" 341
"../../../Engine/Content/EngineMaterials/InvalidLightmapSettings.uexp" 342
"../../../Engine/Content/EngineMaterials/M_InvalidLightmapSettings.uasset" 343
"../../../Engine/Content/EngineMaterials/M_InvalidLightmapSettings.uexp" 344
"C:/Users/vantan/Documents/Vantan/Unreal Project/Unreal3/Shooting/Content/Player/BluePrints/Input/Action/IA_Move.uasset" 345
"C:/Users/vantan/Documents/Vantan/Unreal Project/Unreal3/Shooting/Content/Player/BluePrints/Input/Action/IA_Move.uexp" 346
"C:/Users/vantan/Documents/Vantan/Unreal Project/Unreal3/Shooting/Content/Player/BluePrints/Input/Action/IA_Look.uasset" 347
"C:/Users/vantan/Documents/Vantan/Unreal Project/Unreal3/Shooting/Content/Player/BluePrints/Input/Action/IA_Look.uexp" 348
"C:/Users/vantan/Documents/Vantan/Unreal Project/Unreal3/Shooting/Content/Player/BluePrints/Input/Action/IA_Jump.uasset" 349
"C:/Users/vantan/Documents/Vantan/Unreal Project/Unreal3/Shooting/Content/Player/BluePrints/Input/Action/IA_Jump.uexp" 350
"C:/Users/vantan/Documents/Vantan/Unreal Project/Unreal3/Shooting/Content/Player/BluePrints/Input/Action/IA_Fire.uasset" 351
"C:/Users/vantan/Documents/Vantan/Unreal Project/Unreal3/Shooting/Content/Player/BluePrints/Input/Action/IA_Fire.uexp" 352
"C:/Users/vantan/Documents/Vantan/Unreal Project/Unreal3/Shooting/Content/Player/BluePrints/Input/Action/IA_Boost.uasset" 353
"C:/Users/vantan/Documents/Vantan/Unreal Project/Unreal3/Shooting/Content/Player/BluePrints/Input/Action/IA_Boost.uexp" 354
"C:/Users/vantan/Documents/Vantan/Unreal Project/Unreal3/Shooting/Content/Player/BluePrints/Input/IM_Controls.uasset" 355
"C:/Users/vantan/Documents/Vantan/Unreal Project/Unreal3/Shooting/Content/Player/BluePrints/Input/IM_Controls.uexp" 356
"../../../Engine/Content/EngineMaterials/GizmoMaterial.uasset" 357
"../../../Engine/Content/EngineMaterials/GizmoMaterial.uexp" 358
"../../../Engine/Content/EngineMaterials/BaseFlattenEmissiveMap_VT.uasset" 359
"../../../Engine/Content/EngineMaterials/BaseFlattenEmissiveMap_VT.uexp" 360
"../../../Engine/Content/EngineMaterials/BaseFlattenGrayscaleMap_VT.uasset" 361
"../../../Engine/Content/EngineMaterials/BaseFlattenGrayscaleMap_VT.uexp" 362
"../../../Engine/Content/EngineMaterials/BaseFlattenLinearColor_VT.uasset" 363
"../../../Engine/Content/EngineMaterials/BaseFlattenLinearColor_VT.uexp" 364
"../../../Engine/Content/EngineMaterials/Black_1x1_EXR_Texture_VT.uasset" 365
"../../../Engine/Content/EngineMaterials/Black_1x1_EXR_Texture_VT.uexp" 366
"../../../Engine/Content/EngineMaterials/BaseFlattenDiffuseMap_VT.uasset" 367
"../../../Engine/Content/EngineMaterials/BaseFlattenDiffuseMap_VT.uexp" 368
"../../../Engine/Content/EngineMaterials/BaseFlattenNormalMap_VT.uasset" 369
"../../../Engine/Content/EngineMaterials/BaseFlattenNormalMap_VT.uexp" 370
"../../../Engine/Content/EngineMaterials/FlattenMaterial_WS_Normal_VT.uasset" 371
"../../../Engine/Content/EngineMaterials/FlattenMaterial_WS_Normal_VT.uexp" 372
"../../../Engine/Content/EngineMaterials/FlattenMaterial_VT.uasset" 373
"../../../Engine/Content/EngineMaterials/FlattenMaterial_VT.uexp" 374
"../../../Engine/Content/EngineMaterials/BaseFlattenNormalMap.uasset" 375
"../../../Engine/Content/EngineMaterials/BaseFlattenNormalMap.uexp" 376
"../../../Engine/Content/EngineMaterials/BaseFlattenGrayscaleMap.uasset" 377
"../../../Engine/Content/EngineMaterials/BaseFlattenGrayscaleMap.uexp" 378
"../../../Engine/Content/EngineMaterials/BaseFlattenDiffuseMap.uasset" 379
"../../../Engine/Content/EngineMaterials/BaseFlattenDiffuseMap.uexp" 380
"../../../Engine/Content/Functions/Engine_MaterialFunctions02/PivotPainter2/Black_1x1_EXR_Texture.uasset" 381
"../../../Engine/Content/Functions/Engine_MaterialFunctions02/PivotPainter2/Black_1x1_EXR_Texture.uexp" 382
"../../../Engine/Content/EngineMaterials/BaseFlattenEmissiveMap.uasset" 383
"../../../Engine/Content/EngineMaterials/BaseFlattenEmissiveMap.uexp" 384
"../../../Engine/Content/EngineMaterials/BaseFlattenLinearColor.uasset" 385
"../../../Engine/Content/EngineMaterials/BaseFlattenLinearColor.uexp" 386
"../../../Engine/Content/EngineMaterials/FlattenMaterial.uasset" 387
"../../../Engine/Content/EngineMaterials/FlattenMaterial.uexp" 388
"../../../Engine/Content/EngineMaterials/DefaultWhiteGrid_Low.uasset" 389
"../../../Engine/Content/EngineMaterials/DefaultWhiteGrid_Low.uexp" 390
"../../../Engine/Content/EngineMaterials/EmissiveMeshMaterial.uasset" 391
"../../../Engine/Content/EngineMaterials/EmissiveMeshMaterial.uexp" 392
"../../../Engine/Content/EngineFonts/RobotoDistanceField.uasset" 393
"../../../Engine/Content/EngineFonts/RobotoDistanceField.uexp" 394
"../../../Engine/Content/EngineMaterials/DefaultTextMaterialOpaque.uasset" 395
"../../../Engine/Content/EngineMaterials/DefaultTextMaterialOpaque.uexp" 396
"../../../Engine/Content/EngineMaterials/DefaultDiffuse.ubulk" 397
"../../../Engine/Content/EngineMaterials/DefaultDiffuse.uasset" 398
"../../../Engine/Content/EngineMaterials/DefaultDiffuse.uexp" 399
"../../../Engine/Content/Functions/Engine_MaterialFunctions02/Utility/BreakOutFloat2Components.uasset" 400
"../../../Engine/Content/Functions/Engine_MaterialFunctions02/Utility/BreakOutFloat2Components.uexp" 401
"../../../Engine/Content/EngineMaterials/DefaultPostProcessMaterial.uasset" 402
"../../../Engine/Content/EngineMaterials/DefaultPostProcessMaterial.uexp" 403
"../../../Engine/Content/EngineMaterials/DefaultPhysicalMaterial.uasset" 404
"../../../Engine/Content/EngineMaterials/DefaultPhysicalMaterial.uexp" 405
"../../../Engine/Content/EngineMaterials/DefaultLightFunctionMaterial.uasset" 406
"../../../Engine/Content/EngineMaterials/DefaultLightFunctionMaterial.uexp" 407
"../../../Engine/Content/EngineMaterials/DefaultDestructiblePhysicalMaterial.uasset" 408
"../../../Engine/Content/EngineMaterials/DefaultDestructiblePhysicalMaterial.uexp" 409
"../../../Engine/Content/EngineMaterials/DefaultDeferredDecalMaterial.uasset" 410
"../../../Engine/Content/EngineMaterials/DefaultDeferredDecalMaterial.uexp" 411
"../../../Engine/Content/EngineMaterials/DefaultBloomKernel.uasset" 412
"../../../Engine/Content/EngineMaterials/DefaultBloomKernel.uexp" 413
"C:/Users/vantan/Documents/Vantan/Unreal Project/Unreal3/Shooting/Content/LevelPrototyping/Textures/T_GridChecker_A.ubulk" 414
"C:/Users/vantan/Documents/Vantan/Unreal Project/Unreal3/Shooting/Content/LevelPrototyping/Textures/T_GridChecker_A.uasset" 415
"C:/Users/vantan/Documents/Vantan/Unreal Project/Unreal3/Shooting/Content/LevelPrototyping/Textures/T_GridChecker_A.uexp" 416
"../../../Engine/Content/Functions/Engine_MaterialFunctions01/Gradient/LinearGradient.uasset" 417
"../../../Engine/Content/Functions/Engine_MaterialFunctions01/Gradient/LinearGradient.uexp" 418
"../../../Engine/Content/Functions/Engine_MaterialFunctions01/ImageAdjustment/CheapContrast.uasset" 419
"../../../Engine/Content/Functions/Engine_MaterialFunctions01/ImageAdjustment/CheapContrast.uexp" 420
"C:/Users/vantan/Documents/Vantan/Unreal Project/Unreal3/Shooting/Content/LevelPrototyping/Materials/MF_ProcGrid.uasset" 421
"C:/Users/vantan/Documents/Vantan/Unreal Project/Unreal3/Shooting/Content/LevelPrototyping/Materials/MF_ProcGrid.uexp" 422
"C:/Users/vantan/Documents/Vantan/Unreal Project/Unreal3/Shooting/Content/LevelPrototyping/Materials/M_PrototypeGrid.uasset" 423
"C:/Users/vantan/Documents/Vantan/Unreal Project/Unreal3/Shooting/Content/LevelPrototyping/Materials/M_PrototypeGrid.uexp" 424
"C:/Users/vantan/Documents/Vantan/Unreal Project/Unreal3/Shooting/Content/LevelPrototyping/Materials/MI_PrototypeGrid_Gray.uasset" 425
"C:/Users/vantan/Documents/Vantan/Unreal Project/Unreal3/Shooting/Content/LevelPrototyping/Materials/MI_PrototypeGrid_Gray.uexp" 426
"C:/Users/vantan/Documents/Vantan/Unreal Project/Unreal3/Shooting/Content/LevelPrototyping/Meshes/SM_QuarterCylinder.ubulk" 427
"C:/Users/vantan/Documents/Vantan/Unreal Project/Unreal3/Shooting/Content/LevelPrototyping/Meshes/SM_QuarterCylinder.uasset" 428
"C:/Users/vantan/Documents/Vantan/Unreal Project/Unreal3/Shooting/Content/LevelPrototyping/Meshes/SM_QuarterCylinder.uexp" 429
"C:/Users/vantan/Documents/Vantan/Unreal Project/Unreal3/Shooting/Content/LevelPrototyping/Meshes/SM_Cube.ubulk" 430
"C:/Users/vantan/Documents/Vantan/Unreal Project/Unreal3/Shooting/Content/LevelPrototyping/Meshes/SM_Cube.uasset" 431
"C:/Users/vantan/Documents/Vantan/Unreal Project/Unreal3/Shooting/Content/LevelPrototyping/Meshes/SM_Cube.uexp" 432
"C:/Users/vantan/Documents/Vantan/Unreal Project/Unreal3/Shooting/Content/LevelPrototyping/Materials/M_Solid.uasset" 433
"C:/Users/vantan/Documents/Vantan/Unreal Project/Unreal3/Shooting/Content/LevelPrototyping/Materials/M_Solid.uexp" 434
"C:/Users/vantan/Documents/Vantan/Unreal Project/Unreal3/Shooting/Content/LevelPrototyping/Materials/MI_Solid_Blue.uasset" 435
"C:/Users/vantan/Documents/Vantan/Unreal Project/Unreal3/Shooting/Content/LevelPrototyping/Materials/MI_Solid_Blue.uexp" 436
"C:/Users/vantan/Documents/Vantan/Unreal Project/Unreal3/Shooting/Content/LevelPrototyping/Meshes/SM_ChamferCube.ubulk" 437
"C:/Users/vantan/Documents/Vantan/Unreal Project/Unreal3/Shooting/Content/LevelPrototyping/Meshes/SM_ChamferCube.uasset" 438
"C:/Users/vantan/Documents/Vantan/Unreal Project/Unreal3/Shooting/Content/LevelPrototyping/Meshes/SM_ChamferCube.uexp" 439
"../../../Engine/Content/EngineResources/FilmGrains/Marcie_Grain_v3_128_M2_000.uasset" 440
"../../../Engine/Content/EngineResources/FilmGrains/Marcie_Grain_v3_128_M2_000.uexp" 441
"../../../Engine/Content/EngineSky/T_Sky_Stars.ubulk" 442
"../../../Engine/Content/EngineSky/T_Sky_Stars.uasset" 443
"../../../Engine/Content/EngineSky/T_Sky_Stars.uexp" 444
"../../../Engine/Content/EngineSky/T_Sky_Clouds_M.ubulk" 445
"../../../Engine/Content/EngineSky/T_Sky_Clouds_M.uasset" 446
"../../../Engine/Content/EngineSky/T_Sky_Clouds_M.uexp" 447
"../../../Engine/Content/EngineSky/T_Sky_Blue.ubulk" 448
"../../../Engine/Content/EngineSky/T_Sky_Blue.uasset" 449
"../../../Engine/Content/EngineSky/T_Sky_Blue.uexp" 450
"../../../Engine/Content/EngineSky/M_Sky_Panning_Clouds2.uasset" 451
"../../../Engine/Content/EngineSky/M_Sky_Panning_Clouds2.uexp" 452
"../../../Engine/Content/EngineSky/SM_SkySphere.ubulk" 453
"../../../Engine/Content/EngineSky/SM_SkySphere.uasset" 454
"../../../Engine/Content/EngineSky/SM_SkySphere.uexp" 455
"../../../Engine/Content/EngineSky/M_SimpleSkyDome.uasset" 456
"../../../Engine/Content/EngineSky/M_SimpleSkyDome.uexp" 457
"../../../Engine/Content/EngineSky/VolumetricClouds/CloudWeatherTexture.uasset" 458
"../../../Engine/Content/EngineSky/VolumetricClouds/CloudWeatherTexture.uexp" 459
"../../../Engine/Content/Functions/Engine_MaterialFunctions02/Utility/MakeFloat2.uasset" 460
"../../../Engine/Content/Functions/Engine_MaterialFunctions02/Utility/MakeFloat2.uexp" 461
"../../../Engine/Content/EngineSky/VolumetricClouds/CloudGradientTexture.uasset" 462
"../../../Engine/Content/EngineSky/VolumetricClouds/CloudGradientTexture.uexp" 463
"../../../Engine/Content/EngineSky/VolumetricClouds/T_NoiseShape64.ubulk" 464
"../../../Engine/Content/EngineSky/VolumetricClouds/T_NoiseShape64.uasset" 465
"../../../Engine/Content/EngineSky/VolumetricClouds/T_NoiseShape64.uexp" 466
"../../../Engine/Content/EngineSky/VolumetricClouds/T_VolumeNoiseShape64.uasset" 467
"../../../Engine/Content/EngineSky/VolumetricClouds/T_VolumeNoiseShape64.uexp" 468
"../../../Engine/Content/EngineSky/VolumetricClouds/T_NoiseErosion.ubulk" 469
"../../../Engine/Content/EngineSky/VolumetricClouds/T_NoiseErosion.uasset" 470
"../../../Engine/Content/EngineSky/VolumetricClouds/T_NoiseErosion.uexp" 471
"../../../Engine/Content/EngineSky/VolumetricClouds/T_VolumeNoiseErosion32.uasset" 472
"../../../Engine/Content/EngineSky/VolumetricClouds/T_VolumeNoiseErosion32.uexp" 473
"../../../Engine/Content/EngineSky/VolumetricClouds/m_SimpleVolumetricCloud.uasset" 474
"../../../Engine/Content/EngineSky/VolumetricClouds/m_SimpleVolumetricCloud.uexp" 475
"../../../Engine/Content/EngineSky/VolumetricClouds/m_SimpleVolumetricCloud_Inst.uasset" 476
"../../../Engine/Content/EngineSky/VolumetricClouds/m_SimpleVolumetricCloud_Inst.uexp" 477
"../../../Engine/Content/EngineSounds/Master.uasset" 478
"../../../Engine/Content/EngineSounds/Master.uexp" 479
"../../../Engine/Content/Functions/Engine_MaterialFunctions01/Shading/PowerToRoughness.uasset" 480
"../../../Engine/Content/Functions/Engine_MaterialFunctions01/Shading/PowerToRoughness.uexp" 481
"C:/Users/vantan/Documents/Vantan/Unreal Project/Unreal3/Shooting/Content/LevelPrototyping/Meshes/SM_Ramp.ubulk" 482
"C:/Users/vantan/Documents/Vantan/Unreal Project/Unreal3/Shooting/Content/LevelPrototyping/Meshes/SM_Ramp.uasset" 483
"C:/Users/vantan/Documents/Vantan/Unreal Project/Unreal3/Shooting/Content/LevelPrototyping/Meshes/SM_Ramp.uexp" 484
"../../../Engine/Content/Maps/Templates/HLODs/HLODLayer_Merged.uasset" 485
"../../../Engine/Content/Maps/Templates/HLODs/HLODLayer_Merged.uexp" 486
"../../../Engine/Content/MobileResources/HUD/VirtualJoystick_Background.uasset" 487
"../../../Engine/Content/MobileResources/HUD/VirtualJoystick_Background.uexp" 488
"../../../Engine/Content/MobileResources/HUD/VirtualJoystick_Thumb.uasset" 489
"../../../Engine/Content/MobileResources/HUD/VirtualJoystick_Thumb.uexp" 490
"../../../Engine/Content/MobileResources/HUD/DefaultVirtualJoysticks.uasset" 491
"../../../Engine/Content/MobileResources/HUD/DefaultVirtualJoysticks.uexp" 492
"../../../Engine/Plugins/2D/Paper2D/Content/PlaceholderTextures/DummySpriteTexture.ubulk" 493
"../../../Engine/Plugins/2D/Paper2D/Content/PlaceholderTextures/DummySpriteTexture.uasset" 494
"../../../Engine/Plugins/2D/Paper2D/Content/PlaceholderTextures/DummySpriteTexture.uexp" 495
"../../../Engine/Plugins/2D/Paper2D/Content/DefaultSpriteMaterial.uasset" 496
"../../../Engine/Plugins/2D/Paper2D/Content/DefaultSpriteMaterial.uexp" 497
"../../../Engine/Plugins/2D/Paper2D/Content/OpaqueUnlitSpriteMaterial.uasset" 498
"../../../Engine/Plugins/2D/Paper2D/Content/OpaqueUnlitSpriteMaterial.uexp" 499
"../../../Engine/Plugins/2D/Paper2D/Content/MaskedUnlitSpriteMaterial.uasset" 500
"../../../Engine/Plugins/2D/Paper2D/Content/MaskedUnlitSpriteMaterial.uexp" 501
"../../../Engine/Plugins/2D/Paper2D/Content/DummySprite.uasset" 502
"../../../Engine/Plugins/2D/Paper2D/Content/DummySprite.uexp" 503
"../../../Engine/Plugins/2D/Paper2D/Content/DefaultPaperTerrainMaterial.uasset" 504
"../../../Engine/Plugins/2D/Paper2D/Content/DefaultPaperTerrainMaterial.uexp" 505
"../../../Engine/Plugins/Animation/ControlRig/Content/M_Manip.uasset" 506
"../../../Engine/Plugins/Animation/ControlRig/Content/M_Manip.uexp" 507
"../../../Engine/Plugins/Animation/ControlRig/Content/Controls/DefaultGizmoLibraryNormalized.uasset" 508
"../../../Engine/Plugins/Animation/ControlRig/Content/Controls/DefaultGizmoLibraryNormalized.uexp" 509
"../../../Engine/Plugins/Animation/ControlRig/Content/Controls/ControlRig_Wedge_solid.ubulk" 510
"../../../Engine/Plugins/Animation/ControlRig/Content/Controls/ControlRig_Wedge_solid.uasset" 511
"../../../Engine/Plugins/Animation/ControlRig/Content/Controls/ControlRig_Wedge_solid.uexp" 512
"../../../Engine/Plugins/Animation/ControlRig/Content/Controls/ControlRig_Wedge_3mm.ubulk" 513
"../../../Engine/Plugins/Animation/ControlRig/Content/Controls/ControlRig_Wedge_3mm.uasset" 514
"../../../Engine/Plugins/Animation/ControlRig/Content/Controls/ControlRig_Wedge_3mm.uexp" 515
"../../../Engine/Plugins/Animation/ControlRig/Content/Controls/ControlRig_Wedge_1mm.ubulk" 516
"../../../Engine/Plugins/Animation/ControlRig/Content/Controls/ControlRig_Wedge_1mm.uasset" 517
"../../../Engine/Plugins/Animation/ControlRig/Content/Controls/ControlRig_Wedge_1mm.uexp" 518
"../../../Engine/Plugins/Animation/ControlRig/Content/Controls/ControlRig_Triangle_solid.ubulk" 519
"../../../Engine/Plugins/Animation/ControlRig/Content/Controls/ControlRig_Triangle_solid.uasset" 520
"../../../Engine/Plugins/Animation/ControlRig/Content/Controls/ControlRig_Triangle_solid.uexp" 521
"../../../Engine/Plugins/Animation/ControlRig/Content/Controls/ControlRig_Triangle_3mm.ubulk" 522
"../../../Engine/Plugins/Animation/ControlRig/Content/Controls/ControlRig_Triangle_3mm.uasset" 523
"../../../Engine/Plugins/Animation/ControlRig/Content/Controls/ControlRig_Triangle_3mm.uexp" 524
"../../../Engine/Plugins/Animation/ControlRig/Content/Controls/ControlRig_Triangle_1mm.ubulk" 525
"../../../Engine/Plugins/Animation/ControlRig/Content/Controls/ControlRig_Triangle_1mm.uasset" 526
"../../../Engine/Plugins/Animation/ControlRig/Content/Controls/ControlRig_Triangle_1mm.uexp" 527
"../../../Engine/Plugins/Animation/ControlRig/Content/Controls/ControlRig_Star4_solid.ubulk" 528
"../../../Engine/Plugins/Animation/ControlRig/Content/Controls/ControlRig_Star4_solid.uasset" 529
"../../../Engine/Plugins/Animation/ControlRig/Content/Controls/ControlRig_Star4_solid.uexp" 530
"../../../Engine/Plugins/Animation/ControlRig/Content/Controls/ControlRig_Star4_3mm.ubulk" 531
"../../../Engine/Plugins/Animation/ControlRig/Content/Controls/ControlRig_Star4_3mm.uasset" 532
"../../../Engine/Plugins/Animation/ControlRig/Content/Controls/ControlRig_Star4_3mm.uexp" 533
"../../../Engine/Plugins/Animation/ControlRig/Content/Controls/ControlRig_Star4_1mm.ubulk" 534
"../../../Engine/Plugins/Animation/ControlRig/Content/Controls/ControlRig_Star4_1mm.uasset" 535
"../../../Engine/Plugins/Animation/ControlRig/Content/Controls/ControlRig_Star4_1mm.uexp" 536
"../../../Engine/Plugins/Animation/ControlRig/Content/Controls/ControlRig_Square_solid.ubulk" 537
"../../../Engine/Plugins/Animation/ControlRig/Content/Controls/ControlRig_Square_solid.uasset" 538
"../../../Engine/Plugins/Animation/ControlRig/Content/Controls/ControlRig_Square_solid.uexp" 539
"../../../Engine/Plugins/Animation/ControlRig/Content/Controls/ControlRig_Square_3mm.ubulk" 540
"../../../Engine/Plugins/Animation/ControlRig/Content/Controls/ControlRig_Square_3mm.uasset" 541
"../../../Engine/Plugins/Animation/ControlRig/Content/Controls/ControlRig_Square_3mm.uexp" 542
"../../../Engine/Plugins/Animation/ControlRig/Content/Controls/ControlRig_Square_1mm.ubulk" 543
"../../../Engine/Plugins/Animation/ControlRig/Content/Controls/ControlRig_Square_1mm.uasset" 544
"../../../Engine/Plugins/Animation/ControlRig/Content/Controls/ControlRig_Square_1mm.uexp" 545
"../../../Engine/Plugins/Animation/ControlRig/Content/Controls/ControlRig_Sphere_solid.ubulk" 546
"../../../Engine/Plugins/Animation/ControlRig/Content/Controls/ControlRig_Sphere_solid.uasset" 547
"../../../Engine/Plugins/Animation/ControlRig/Content/Controls/ControlRig_Sphere_solid.uexp" 548
"../../../Engine/Plugins/Animation/ControlRig/Content/Controls/ControlRig_Sphere_3mm.ubulk" 549
"../../../Engine/Plugins/Animation/ControlRig/Content/Controls/ControlRig_Sphere_3mm.uasset" 550
"../../../Engine/Plugins/Animation/ControlRig/Content/Controls/ControlRig_Sphere_3mm.uexp" 551
"../../../Engine/Plugins/Animation/ControlRig/Content/Controls/ControlRig_Sphere_1mm.ubulk" 552
"../../../Engine/Plugins/Animation/ControlRig/Content/Controls/ControlRig_Sphere_1mm.uasset" 553
"../../../Engine/Plugins/Animation/ControlRig/Content/Controls/ControlRig_Sphere_1mm.uexp" 554
"../../../Engine/Plugins/Animation/ControlRig/Content/Controls/ControlRig_RoundedTriangle_solid.ubulk" 555
"../../../Engine/Plugins/Animation/ControlRig/Content/Controls/ControlRig_RoundedTriangle_solid.uasset" 556
"../../../Engine/Plugins/Animation/ControlRig/Content/Controls/ControlRig_RoundedTriangle_solid.uexp" 557
"../../../Engine/Plugins/Animation/ControlRig/Content/Controls/ControlRig_RoundedTriangle_3mm.ubulk" 558
"../../../Engine/Plugins/Animation/ControlRig/Content/Controls/ControlRig_RoundedTriangle_3mm.uasset" 559
"../../../Engine/Plugins/Animation/ControlRig/Content/Controls/ControlRig_RoundedTriangle_3mm.uexp" 560
"../../../Engine/Plugins/Animation/ControlRig/Content/Controls/ControlRig_RoundedTriangle_1mm.ubulk" 561
"../../../Engine/Plugins/Animation/ControlRig/Content/Controls/ControlRig_RoundedTriangle_1mm.uasset" 562
"../../../Engine/Plugins/Animation/ControlRig/Content/Controls/ControlRig_RoundedTriangle_1mm.uexp" 563
"../../../Engine/Plugins/Animation/ControlRig/Content/Controls/ControlRig_RoundedSquare_solid.ubulk" 564
"../../../Engine/Plugins/Animation/ControlRig/Content/Controls/ControlRig_RoundedSquare_solid.uasset" 565
"../../../Engine/Plugins/Animation/ControlRig/Content/Controls/ControlRig_RoundedSquare_solid.uexp" 566
"../../../Engine/Plugins/Animation/ControlRig/Content/Controls/ControlRig_RoundedSquare_3mm.ubulk" 567
"../../../Engine/Plugins/Animation/ControlRig/Content/Controls/ControlRig_RoundedSquare_3mm.uasset" 568
"../../../Engine/Plugins/Animation/ControlRig/Content/Controls/ControlRig_RoundedSquare_3mm.uexp" 569
"../../../Engine/Plugins/Animation/ControlRig/Content/Controls/ControlRig_RoundedSquare_1mm.ubulk" 570
"../../../Engine/Plugins/Animation/ControlRig/Content/Controls/ControlRig_RoundedSquare_1mm.uasset" 571
"../../../Engine/Plugins/Animation/ControlRig/Content/Controls/ControlRig_RoundedSquare_1mm.uexp" 572
"../../../Engine/Plugins/Animation/ControlRig/Content/Controls/ControlRig_QuarterCircle_solid.ubulk" 573
"../../../Engine/Plugins/Animation/ControlRig/Content/Controls/ControlRig_QuarterCircle_solid.uasset" 574
"../../../Engine/Plugins/Animation/ControlRig/Content/Controls/ControlRig_QuarterCircle_solid.uexp" 575
"../../../Engine/Plugins/Animation/ControlRig/Content/Controls/ControlRig_QuarterCircle_3mm.ubulk" 576
"../../../Engine/Plugins/Animation/ControlRig/Content/Controls/ControlRig_QuarterCircle_3mm.uasset" 577
"../../../Engine/Plugins/Animation/ControlRig/Content/Controls/ControlRig_QuarterCircle_3mm.uexp" 578
"../../../Engine/Plugins/Animation/ControlRig/Content/Controls/ControlRig_QuarterCircle_1mm.ubulk" 579
"../../../Engine/Plugins/Animation/ControlRig/Content/Controls/ControlRig_QuarterCircle_1mm.uasset" 580
"../../../Engine/Plugins/Animation/ControlRig/Content/Controls/ControlRig_QuarterCircle_1mm.uexp" 581
"../../../Engine/Plugins/Animation/ControlRig/Content/Controls/ControlRig_Pyramid_solid.ubulk" 582
"../../../Engine/Plugins/Animation/ControlRig/Content/Controls/ControlRig_Pyramid_solid.uasset" 583
"../../../Engine/Plugins/Animation/ControlRig/Content/Controls/ControlRig_Pyramid_solid.uexp" 584
"../../../Engine/Plugins/Animation/ControlRig/Content/Controls/ControlRig_Pyramid_3mm.ubulk" 585
"../../../Engine/Plugins/Animation/ControlRig/Content/Controls/ControlRig_Pyramid_3mm.uasset" 586
"../../../Engine/Plugins/Animation/ControlRig/Content/Controls/ControlRig_Pyramid_3mm.uexp" 587
"../../../Engine/Plugins/Animation/ControlRig/Content/Controls/ControlRig_Pyramid_1mm.ubulk" 588
"../../../Engine/Plugins/Animation/ControlRig/Content/Controls/ControlRig_Pyramid_1mm.uasset" 589
"../../../Engine/Plugins/Animation/ControlRig/Content/Controls/ControlRig_Pyramid_1mm.uexp" 590
"../../../Engine/Plugins/Animation/ControlRig/Content/Controls/ControlRig_Octagon_solid.ubulk" 591
"../../../Engine/Plugins/Animation/ControlRig/Content/Controls/ControlRig_Octagon_solid.uasset" 592
"../../../Engine/Plugins/Animation/ControlRig/Content/Controls/ControlRig_Octagon_solid.uexp" 593
"../../../Engine/Plugins/Animation/ControlRig/Content/Controls/ControlRig_Octagon_3mm.ubulk" 594
"../../../Engine/Plugins/Animation/ControlRig/Content/Controls/ControlRig_Octagon_3mm.uasset" 595
"../../../Engine/Plugins/Animation/ControlRig/Content/Controls/ControlRig_Octagon_3mm.uexp" 596
"../../../Engine/Plugins/Animation/ControlRig/Content/Controls/ControlRig_Octagon_1mm.ubulk" 597
"../../../Engine/Plugins/Animation/ControlRig/Content/Controls/ControlRig_Octagon_1mm.uasset" 598
"../../../Engine/Plugins/Animation/ControlRig/Content/Controls/ControlRig_Octagon_1mm.uexp" 599
"../../../Engine/Plugins/Animation/ControlRig/Content/Controls/ControlRig_Hexagon_solid.ubulk" 600
"../../../Engine/Plugins/Animation/ControlRig/Content/Controls/ControlRig_Hexagon_solid.uasset" 601
"../../../Engine/Plugins/Animation/ControlRig/Content/Controls/ControlRig_Hexagon_solid.uexp" 602
"../../../Engine/Plugins/Animation/ControlRig/Content/Controls/ControlRig_Hexagon_3mm.ubulk" 603
"../../../Engine/Plugins/Animation/ControlRig/Content/Controls/ControlRig_Hexagon_3mm.uasset" 604
"../../../Engine/Plugins/Animation/ControlRig/Content/Controls/ControlRig_Hexagon_3mm.uexp" 605
"../../../Engine/Plugins/Animation/ControlRig/Content/Controls/ControlRig_Hexagon_1mm.ubulk" 606
"../../../Engine/Plugins/Animation/ControlRig/Content/Controls/ControlRig_Hexagon_1mm.uasset" 607
"../../../Engine/Plugins/Animation/ControlRig/Content/Controls/ControlRig_Hexagon_1mm.uexp" 608
"../../../Engine/Plugins/Animation/ControlRig/Content/Controls/ControlRig_HalfCircle_solid.ubulk" 609
"../../../Engine/Plugins/Animation/ControlRig/Content/Controls/ControlRig_HalfCircle_solid.uasset" 610
"../../../Engine/Plugins/Animation/ControlRig/Content/Controls/ControlRig_HalfCircle_solid.uexp" 611
"../../../Engine/Plugins/Animation/ControlRig/Content/Controls/ControlRig_HalfCircle_3mm.ubulk" 612
"../../../Engine/Plugins/Animation/ControlRig/Content/Controls/ControlRig_HalfCircle_3mm.uasset" 613
"../../../Engine/Plugins/Animation/ControlRig/Content/Controls/ControlRig_HalfCircle_3mm.uexp" 614
"../../../Engine/Plugins/Animation/ControlRig/Content/Controls/ControlRig_HalfCircle_1mm.ubulk" 615
"../../../Engine/Plugins/Animation/ControlRig/Content/Controls/ControlRig_HalfCircle_1mm.uasset" 616
"../../../Engine/Plugins/Animation/ControlRig/Content/Controls/ControlRig_HalfCircle_1mm.uexp" 617
"../../../Engine/Plugins/Animation/ControlRig/Content/Controls/ControlRig_Diamond_solid.ubulk" 618
"../../../Engine/Plugins/Animation/ControlRig/Content/Controls/ControlRig_Diamond_solid.uasset" 619
"../../../Engine/Plugins/Animation/ControlRig/Content/Controls/ControlRig_Diamond_solid.uexp" 620
"../../../Engine/Plugins/Animation/ControlRig/Content/Controls/ControlRig_Diamond_3mm.ubulk" 621
"../../../Engine/Plugins/Animation/ControlRig/Content/Controls/ControlRig_Diamond_3mm.uasset" 622
"../../../Engine/Plugins/Animation/ControlRig/Content/Controls/ControlRig_Diamond_3mm.uexp" 623
"../../../Engine/Plugins/Animation/ControlRig/Content/Controls/ControlRig_Diamond_1mm.ubulk" 624
"../../../Engine/Plugins/Animation/ControlRig/Content/Controls/ControlRig_Diamond_1mm.uasset" 625
"../../../Engine/Plugins/Animation/ControlRig/Content/Controls/ControlRig_Diamond_1mm.uexp" 626
"../../../Engine/Plugins/Animation/ControlRig/Content/Controls/ControlRig_Circle_solid.ubulk" 627
"../../../Engine/Plugins/Animation/ControlRig/Content/Controls/ControlRig_Circle_solid.uasset" 628
"../../../Engine/Plugins/Animation/ControlRig/Content/Controls/ControlRig_Circle_solid.uexp" 629
"../../../Engine/Plugins/Animation/ControlRig/Content/Controls/ControlRig_Circle_3mm.ubulk" 630
"../../../Engine/Plugins/Animation/ControlRig/Content/Controls/ControlRig_Circle_3mm.uasset" 631
"../../../Engine/Plugins/Animation/ControlRig/Content/Controls/ControlRig_Circle_3mm.uexp" 632
"../../../Engine/Plugins/Animation/ControlRig/Content/Controls/ControlRig_Circle_1mm.ubulk" 633
"../../../Engine/Plugins/Animation/ControlRig/Content/Controls/ControlRig_Circle_1mm.uasset" 634
"../../../Engine/Plugins/Animation/ControlRig/Content/Controls/ControlRig_Circle_1mm.uexp" 635
"../../../Engine/Plugins/Animation/ControlRig/Content/Controls/ControlRig_Box_solid.ubulk" 636
"../../../Engine/Plugins/Animation/ControlRig/Content/Controls/ControlRig_Box_solid.uasset" 637
"../../../Engine/Plugins/Animation/ControlRig/Content/Controls/ControlRig_Box_solid.uexp" 638
"../../../Engine/Plugins/Animation/ControlRig/Content/Controls/ControlRig_Box_3mm.ubulk" 639
"../../../Engine/Plugins/Animation/ControlRig/Content/Controls/ControlRig_Box_3mm.uasset" 640
"../../../Engine/Plugins/Animation/ControlRig/Content/Controls/ControlRig_Box_3mm.uexp" 641
"../../../Engine/Plugins/Animation/ControlRig/Content/Controls/ControlRig_Box_1mm.ubulk" 642
"../../../Engine/Plugins/Animation/ControlRig/Content/Controls/ControlRig_Box_1mm.uasset" 643
"../../../Engine/Plugins/Animation/ControlRig/Content/Controls/ControlRig_Box_1mm.uexp" 644
"../../../Engine/Plugins/Animation/ControlRig/Content/Controls/ControlRig_Arrow_solid.ubulk" 645
"../../../Engine/Plugins/Animation/ControlRig/Content/Controls/ControlRig_Arrow_solid.uasset" 646
"../../../Engine/Plugins/Animation/ControlRig/Content/Controls/ControlRig_Arrow_solid.uexp" 647
"../../../Engine/Plugins/Animation/ControlRig/Content/Controls/ControlRig_Arrow_3mm.ubulk" 648
"../../../Engine/Plugins/Animation/ControlRig/Content/Controls/ControlRig_Arrow_3mm.uasset" 649
"../../../Engine/Plugins/Animation/ControlRig/Content/Controls/ControlRig_Arrow_3mm.uexp" 650
"../../../Engine/Plugins/Animation/ControlRig/Content/Controls/ControlRig_Arrow_1mm.ubulk" 651
"../../../Engine/Plugins/Animation/ControlRig/Content/Controls/ControlRig_Arrow_1mm.uasset" 652
"../../../Engine/Plugins/Animation/ControlRig/Content/Controls/ControlRig_Arrow_1mm.uexp" 653
"../../../Engine/Plugins/Animation/ControlRig/Content/Controls/ControlRig_Arrow4_solid.ubulk" 654
"../../../Engine/Plugins/Animation/ControlRig/Content/Controls/ControlRig_Arrow4_solid.uasset" 655
"../../../Engine/Plugins/Animation/ControlRig/Content/Controls/ControlRig_Arrow4_solid.uexp" 656
"../../../Engine/Plugins/Animation/ControlRig/Content/Controls/ControlRig_Arrow4_3mm.ubulk" 657
"../../../Engine/Plugins/Animation/ControlRig/Content/Controls/ControlRig_Arrow4_3mm.uasset" 658
"../../../Engine/Plugins/Animation/ControlRig/Content/Controls/ControlRig_Arrow4_3mm.uexp" 659
"../../../Engine/Plugins/Animation/ControlRig/Content/Controls/ControlRig_Arrow4_1mm.ubulk" 660
"../../../Engine/Plugins/Animation/ControlRig/Content/Controls/ControlRig_Arrow4_1mm.uasset" 661
"../../../Engine/Plugins/Animation/ControlRig/Content/Controls/ControlRig_Arrow4_1mm.uexp" 662
"../../../Engine/Plugins/Animation/ControlRig/Content/Controls/ControlRig_Arrow2_solid.ubulk" 663
"../../../Engine/Plugins/Animation/ControlRig/Content/Controls/ControlRig_Arrow2_solid.uasset" 664
"../../../Engine/Plugins/Animation/ControlRig/Content/Controls/ControlRig_Arrow2_solid.uexp" 665
"../../../Engine/Plugins/Animation/ControlRig/Content/Controls/ControlRig_Arrow2_3mm.ubulk" 666
"../../../Engine/Plugins/Animation/ControlRig/Content/Controls/ControlRig_Arrow2_3mm.uasset" 667
"../../../Engine/Plugins/Animation/ControlRig/Content/Controls/ControlRig_Arrow2_3mm.uexp" 668
"../../../Engine/Plugins/Animation/ControlRig/Content/Controls/ControlRig_Arrow2_1mm.ubulk" 669
"../../../Engine/Plugins/Animation/ControlRig/Content/Controls/ControlRig_Arrow2_1mm.uasset" 670
"../../../Engine/Plugins/Animation/ControlRig/Content/Controls/ControlRig_Arrow2_1mm.uexp" 671
"../../../Engine/Plugins/Animation/ControlRig/Content/Controls/ControlRigXRayMaterial.uasset" 672
"../../../Engine/Plugins/Animation/ControlRig/Content/Controls/ControlRigXRayMaterial.uexp" 673
"../../../Engine/Plugins/Animation/ControlRig/Content/Controls/ControlRigGizmoMaterial.uasset" 674
"../../../Engine/Plugins/Animation/ControlRig/Content/Controls/ControlRigGizmoMaterial.uexp" 675
"../../../Engine/Plugins/Editor/SpeedTreeImporter/Content/SpeedTree9/game_wind_noise.ubulk" 676
"../../../Engine/Plugins/Editor/SpeedTreeImporter/Content/SpeedTree9/game_wind_noise.uasset" 677
"../../../Engine/Plugins/Editor/SpeedTreeImporter/Content/SpeedTree9/game_wind_noise.uexp" 678
"../../../Engine/Plugins/Editor/SpeedTreeImporter/Content/SpeedTree9/UnpackDirection.uasset" 679
"../../../Engine/Plugins/Editor/SpeedTreeImporter/Content/SpeedTree9/UnpackDirection.uexp" 680
"../../../Engine/Content/Functions/Engine_MaterialFunctions02/ObjectLocalBounds.uasset" 681
"../../../Engine/Content/Functions/Engine_MaterialFunctions02/ObjectLocalBounds.uexp" 682
"../../../Engine/Content/Functions/Engine_MaterialFunctions02/UVs/BoundingBoxBased_0-1_UVW.uasset" 683
"../../../Engine/Content/Functions/Engine_MaterialFunctions02/UVs/BoundingBoxBased_0-1_UVW.uexp" 684
"../../../Engine/Content/Functions/Engine_MaterialFunctions02/Utility/VectorLength.uasset" 685
"../../../Engine/Content/Functions/Engine_MaterialFunctions02/Utility/VectorLength.uexp" 686
"../../../Engine/Plugins/Editor/SpeedTreeImporter/Content/SpeedTree9/UnpackInteger3.uasset" 687
"../../../Engine/Plugins/Editor/SpeedTreeImporter/Content/SpeedTree9/UnpackInteger3.uexp" 688
"../../../Engine/Plugins/Editor/SpeedTreeImporter/Content/SpeedTree9/SpeedTreeCameraFacing.uasset" 689
"../../../Engine/Plugins/Editor/SpeedTreeImporter/Content/SpeedTree9/SpeedTreeCameraFacing.uexp" 690
"../../../Engine/Content/Functions/Engine_MaterialFunctions02/WorldPositionOffset/ObjectScale.uasset" 691
"../../../Engine/Content/Functions/Engine_MaterialFunctions02/WorldPositionOffset/ObjectScale.uexp" 692
"../../../Engine/Content/Functions/Engine_MaterialFunctions02/SafeNormalize.uasset" 693
"../../../Engine/Content/Functions/Engine_MaterialFunctions02/SafeNormalize.uexp" 694
"../../../Engine/Plugins/Editor/SpeedTreeImporter/Content/SpeedTree9/SpeedTreeWindMotion.uasset" 695
"../../../Engine/Plugins/Editor/SpeedTreeImporter/Content/SpeedTree9/SpeedTreeWindMotion.uexp" 696
"../../../Engine/Plugins/Editor/SpeedTreeImporter/Content/SpeedTree9/SpeedTreeBranchMotion.uasset" 697
"../../../Engine/Plugins/Editor/SpeedTreeImporter/Content/SpeedTree9/SpeedTreeBranchMotion.uexp" 698
"../../../Engine/Plugins/Editor/SpeedTreeImporter/Content/SpeedTree9/SpeedTreeWind.uasset" 699
"../../../Engine/Plugins/Editor/SpeedTreeImporter/Content/SpeedTree9/SpeedTreeWind.uexp" 700
"../../../Engine/Plugins/Editor/SpeedTreeImporter/Content/SpeedTree9/EmptyNormal.uasset" 701
"../../../Engine/Plugins/Editor/SpeedTreeImporter/Content/SpeedTree9/EmptyNormal.uexp" 702
"../../../Engine/Plugins/Editor/SpeedTreeImporter/Content/SpeedTree9/Empty.uasset" 703
"../../../Engine/Plugins/Editor/SpeedTreeImporter/Content/SpeedTree9/Empty.uexp" 704
"../../../Engine/Plugins/Editor/SpeedTreeImporter/Content/SpeedTree9/SpeedTreeMaster.uasset" 705
"../../../Engine/Plugins/Editor/SpeedTreeImporter/Content/SpeedTree9/SpeedTreeMaster.uexp" 706
"../../../Engine/Plugins/Editor/SpeedTreeImporter/Content/SpeedTree9/SpeedTreeBillboard.uasset" 707
"../../../Engine/Plugins/Editor/SpeedTreeImporter/Content/SpeedTree9/SpeedTreeBillboard.uexp" 708
"../../../Engine/Plugins/Editor/SpeedTreeImporter/Content/SpeedTree9/SpeedTreeBillboardMaster.uasset" 709
"../../../Engine/Plugins/Editor/SpeedTreeImporter/Content/SpeedTree9/SpeedTreeBillboardMaster.uexp" 710
"../../../Engine/Content/Functions/Engine_MaterialFunctions02/Texturing/CustomRotator.uasset" 711
"../../../Engine/Content/Functions/Engine_MaterialFunctions02/Texturing/CustomRotator.uexp" 712
"../../../Engine/Content/Functions/Engine_MaterialFunctions02/Texturing/ScreenAlignedPixelToPixelUVs.uasset" 713
"../../../Engine/Content/Functions/Engine_MaterialFunctions02/Texturing/ScreenAlignedPixelToPixelUVs.uexp" 714
"../../../Engine/Plugins/Interchange/Runtime/Content/Utilities/T_Bayer64_Grayscale_64px.uasset" 715
"../../../Engine/Plugins/Interchange/Runtime/Content/Utilities/T_Bayer64_Grayscale_64px.uexp" 716
"../../../Engine/Plugins/Interchange/Runtime/Content/gltf/MaterialFunctions/MF_Temporal_Blur.uasset" 717
"../../../Engine/Plugins/Interchange/Runtime/Content/gltf/MaterialFunctions/MF_Temporal_Blur.uexp" 718
"../../../Engine/Plugins/Interchange/Runtime/Content/gltf/MaterialFunctions/MF_Fresnel_DS.uasset" 719
"../../../Engine/Plugins/Interchange/Runtime/Content/gltf/MaterialFunctions/MF_Fresnel_DS.uexp" 720
"../../../Engine/Plugins/Interchange/Runtime/Content/Functions/MX_Transmission.uasset" 721
"../../../Engine/Plugins/Interchange/Runtime/Content/Functions/MX_Transmission.uexp" 722
"../../../Engine/Plugins/Interchange/Runtime/Content/Functions/MF_OrenNayerView.uasset" 723
"../../../Engine/Plugins/Interchange/Runtime/Content/Functions/MF_OrenNayerView.uexp" 724
"../../../Engine/Plugins/Interchange/Runtime/Content/Functions/MF_SchlickApprox.uasset" 725
"../../../Engine/Plugins/Interchange/Runtime/Content/Functions/MF_SchlickApprox.uexp" 726
"../../../Engine/Plugins/Interchange/Runtime/Content/Utilities/New_LUT.uasset" 727
"../../../Engine/Plugins/Interchange/Runtime/Content/Utilities/New_LUT.uexp" 728
"../../../Engine/Content/Functions/Engine_MaterialFunctions03/Math/RemapValueRange.uasset" 729
"../../../Engine/Content/Functions/Engine_MaterialFunctions03/Math/RemapValueRange.uexp" 730
"../../../Engine/Plugins/Interchange/Runtime/Content/Functions/MF_Iridescence.uasset" 731
"../../../Engine/Plugins/Interchange/Runtime/Content/Functions/MF_Iridescence.uexp" 732
"../../../Engine/Plugins/Interchange/Runtime/Content/Functions/MX_StandardSurface.uasset" 733
"../../../Engine/Plugins/Interchange/Runtime/Content/Functions/MX_StandardSurface.uexp" 734
"../../../Engine/Plugins/Interchange/Runtime/Content/Functions/MX_TransmissionSurface.uasset" 735
"../../../Engine/Plugins/Interchange/Runtime/Content/Functions/MX_TransmissionSurface.uexp" 736
"../../../Engine/Content/Functions/Engine_MaterialFunctions02/Math/AddComponents.uasset" 737
"../../../Engine/Content/Functions/Engine_MaterialFunctions02/Math/AddComponents.uexp" 738
"../../../Engine/Content/Functions/Engine_MaterialFunctions02/WorldPositionOffset/V2/ObjectScale.uasset" 739
"../../../Engine/Content/Functions/Engine_MaterialFunctions02/WorldPositionOffset/V2/ObjectScale.uexp" 740
"../../../Engine/Plugins/Interchange/Runtime/Content/gltf/MaterialFunctions/MF_TransmissionOpacity.uasset" 741
"../../../Engine/Plugins/Interchange/Runtime/Content/gltf/MaterialFunctions/MF_TransmissionOpacity.uexp" 742
"../../../Engine/Plugins/Interchange/Runtime/Content/gltf/MaterialFunctions/MF_RotateV2.uasset" 743
"../../../Engine/Plugins/Interchange/Runtime/Content/gltf/MaterialFunctions/MF_RotateV2.uexp" 744
"../../../Engine/Plugins/Interchange/Runtime/Content/gltf/MaterialFunctions/MF_TransformUVs.uasset" 745
"../../../Engine/Plugins/Interchange/Runtime/Content/gltf/MaterialFunctions/MF_TransformUVs.uexp" 746
"../../../Engine/Plugins/Interchange/Runtime/Content/gltf/Textures/T_White_srgb.uasset" 747
"../../../Engine/Plugins/Interchange/Runtime/Content/gltf/Textures/T_White_srgb.uexp" 748
"../../../Engine/Plugins/Interchange/Runtime/Content/gltf/MaterialFunctions/MF_BaseColor.uasset" 749
"../../../Engine/Plugins/Interchange/Runtime/Content/gltf/MaterialFunctions/MF_BaseColor.uexp" 750
"../../../Engine/Plugins/Interchange/Runtime/Content/gltf/MaterialFunctions/MF_DiffuseSpecGloss.uasset" 751
"../../../Engine/Plugins/Interchange/Runtime/Content/gltf/MaterialFunctions/MF_DiffuseSpecGloss.uexp" 752
"../../../Engine/Plugins/Interchange/Runtime/Content/gltf/Textures/T_White_Linear.uasset" 753
"../../../Engine/Plugins/Interchange/Runtime/Content/gltf/Textures/T_White_Linear.uexp" 754
"../../../Engine/Plugins/Interchange/Runtime/Content/gltf/MaterialFunctions/MF_MetallicRoughness.uasset" 755
"../../../Engine/Plugins/Interchange/Runtime/Content/gltf/MaterialFunctions/MF_MetallicRoughness.uexp" 756
"../../../Engine/Plugins/Interchange/Runtime/Content/gltf/MaterialFunctions/MF_Transmission.uasset" 757
"../../../Engine/Plugins/Interchange/Runtime/Content/gltf/MaterialFunctions/MF_Transmission.uexp" 758
"../../../Engine/Plugins/Interchange/Runtime/Content/gltf/MaterialFunctions/MF_Occlusion.uasset" 759
"../../../Engine/Plugins/Interchange/Runtime/Content/gltf/MaterialFunctions/MF_Occlusion.uexp" 760
"../../../Engine/Plugins/Interchange/Runtime/Content/gltf/MaterialFunctions/MF_Specular.uasset" 761
"../../../Engine/Plugins/Interchange/Runtime/Content/gltf/MaterialFunctions/MF_Specular.uexp" 762
"../../../Engine/Plugins/Interchange/Runtime/Content/gltf/MaterialFunctions/MF_IOR.uasset" 763
"../../../Engine/Plugins/Interchange/Runtime/Content/gltf/MaterialFunctions/MF_IOR.uexp" 764
"../../../Engine/Content/Functions/Engine_MaterialFunctions01/Texturing/FlattenNormal.uasset" 765
"../../../Engine/Content/Functions/Engine_MaterialFunctions01/Texturing/FlattenNormal.uexp" 766
"../../../Engine/Content/Functions/Engine_MaterialFunctions02/Math/Transform3x3Matrix.uasset" 767
"../../../Engine/Content/Functions/Engine_MaterialFunctions02/Math/Transform3x3Matrix.uexp" 768
"../../../Engine/Plugins/Interchange/Runtime/Content/gltf/MaterialFunctions/MF_RotateNormals_TS.uasset" 769
"../../../Engine/Plugins/Interchange/Runtime/Content/gltf/MaterialFunctions/MF_RotateNormals_TS.uexp" 770
"../../../Engine/Plugins/Interchange/Runtime/Content/gltf/Textures/T_Generic_N.uasset" 771
"../../../Engine/Plugins/Interchange/Runtime/Content/gltf/Textures/T_Generic_N.uexp" 772
"../../../Engine/Plugins/Interchange/Runtime/Content/gltf/MaterialFunctions/MF_Normals.uasset" 773
"../../../Engine/Plugins/Interchange/Runtime/Content/gltf/MaterialFunctions/MF_Normals.uexp" 774
"../../../Engine/Plugins/Interchange/Runtime/Content/gltf/MaterialFunctions/MF_PerceivedBrightness.uasset" 775
"../../../Engine/Plugins/Interchange/Runtime/Content/gltf/MaterialFunctions/MF_PerceivedBrightness.uexp" 776
"../../../Engine/Plugins/Interchange/Runtime/Content/gltf/MaterialFunctions/MF_SpecGlossToMetalRoughness.uasset" 777
"../../../Engine/Plugins/Interchange/Runtime/Content/gltf/MaterialFunctions/MF_SpecGlossToMetalRoughness.uexp" 778
"../../../Engine/Plugins/Interchange/Runtime/Content/gltf/M_Transmission.uasset" 779
"../../../Engine/Plugins/Interchange/Runtime/Content/gltf/M_Transmission.uexp" 780
"../../../Engine/Plugins/Interchange/Runtime/Content/gltf/MaterialInstances_MR/MI_Transmission_TS.uasset" 781
"../../../Engine/Plugins/Interchange/Runtime/Content/gltf/MaterialInstances_MR/MI_Transmission_TS.uexp" 782
"../../../Engine/Plugins/Interchange/Runtime/Content/gltf/MaterialInstances_MR/MI_Transmission.uasset" 783
"../../../Engine/Plugins/Interchange/Runtime/Content/gltf/MaterialInstances_MR/MI_Transmission.uexp" 784
"../../../Engine/Plugins/Interchange/Runtime/Content/gltf/MaterialFunctions/MF_Clearcoat.uasset" 785
"../../../Engine/Plugins/Interchange/Runtime/Content/gltf/MaterialFunctions/MF_Clearcoat.uexp" 786
"../../../Engine/Plugins/Interchange/Runtime/Content/gltf/MaterialFunctions/MF_Emissive.uasset" 787
"../../../Engine/Plugins/Interchange/Runtime/Content/gltf/MaterialFunctions/MF_Emissive.uexp" 788
"../../../Engine/Plugins/Interchange/Runtime/Content/gltf/M_Translucent.uasset" 789
"../../../Engine/Plugins/Interchange/Runtime/Content/gltf/M_Translucent.uexp" 790
"../../../Engine/Plugins/Interchange/Runtime/Content/gltf/MaterialInstances_MR/MI_Translucent_TS.uasset" 791
"../../../Engine/Plugins/Interchange/Runtime/Content/gltf/MaterialInstances_MR/MI_Translucent_TS.uexp" 792
"../../../Engine/Plugins/Interchange/Runtime/Content/gltf/MaterialInstances_MR/MI_Translucent_ClearCoat_TS.uasset" 793
"../../../Engine/Plugins/Interchange/Runtime/Content/gltf/MaterialInstances_MR/MI_Translucent_ClearCoat_TS.uexp" 794
"../../../Engine/Plugins/Interchange/Runtime/Content/gltf/MaterialInstances_MR/MI_Translucent_ClearCoat.uasset" 795
"../../../Engine/Plugins/Interchange/Runtime/Content/gltf/MaterialInstances_MR/MI_Translucent_ClearCoat.uexp" 796
"../../../Engine/Plugins/Interchange/Runtime/Content/gltf/MaterialInstances_MR/MI_Translucent.uasset" 797
"../../../Engine/Plugins/Interchange/Runtime/Content/gltf/MaterialInstances_MR/MI_Translucent.uexp" 798
"../../../Engine/Plugins/Interchange/Runtime/Content/gltf/M_Unlit.uasset" 799
"../../../Engine/Plugins/Interchange/Runtime/Content/gltf/M_Unlit.uexp" 800
"../../../Engine/Plugins/Interchange/Runtime/Content/gltf/MaterialInstances_MR/MI_Opaque_Unlit_TS.uasset" 801
"../../../Engine/Plugins/Interchange/Runtime/Content/gltf/MaterialInstances_MR/MI_Opaque_Unlit_TS.uexp" 802
"../../../Engine/Plugins/Interchange/Runtime/Content/gltf/MaterialInstances_MR/MI_Opaque_Unlit.uasset" 803
"../../../Engine/Plugins/Interchange/Runtime/Content/gltf/MaterialInstances_MR/MI_Opaque_Unlit.uexp" 804
"../../../Engine/Plugins/Interchange/Runtime/Content/gltf/M_Opaque.uasset" 805
"../../../Engine/Plugins/Interchange/Runtime/Content/gltf/M_Opaque.uexp" 806
"../../../Engine/Plugins/Interchange/Runtime/Content/gltf/MaterialInstances_MR/MI_Opaque_TS.uasset" 807
"../../../Engine/Plugins/Interchange/Runtime/Content/gltf/MaterialInstances_MR/MI_Opaque_TS.uexp" 808
"../../../Engine/Plugins/Interchange/Runtime/Content/gltf/MaterialFunctions/MF_Sheen.uasset" 809
"../../../Engine/Plugins/Interchange/Runtime/Content/gltf/MaterialFunctions/MF_Sheen.uexp" 810
"../../../Engine/Content/Functions/Engine_MaterialFunctions01/Shading/FuzzyShading.uasset" 811
"../../../Engine/Content/Functions/Engine_MaterialFunctions01/Shading/FuzzyShading.uexp" 812
"../../../Engine/Plugins/Interchange/Runtime/Content/gltf/M_Sheen.uasset" 813
"../../../Engine/Plugins/Interchange/Runtime/Content/gltf/M_Sheen.uexp" 814
"../../../Engine/Plugins/Interchange/Runtime/Content/gltf/MaterialInstances_MR/MI_Opaque_Sheen_TS.uasset" 815
"../../../Engine/Plugins/Interchange/Runtime/Content/gltf/MaterialInstances_MR/MI_Opaque_Sheen_TS.uexp" 816
"../../../Engine/Plugins/Interchange/Runtime/Content/gltf/MaterialInstances_MR/MI_Opaque_Sheen.uasset" 817
"../../../Engine/Plugins/Interchange/Runtime/Content/gltf/MaterialInstances_MR/MI_Opaque_Sheen.uexp" 818
"../../../Engine/Plugins/Interchange/Runtime/Content/gltf/MaterialInstances_MR/MI_Opaque_ClearCoat_TS.uasset" 819
"../../../Engine/Plugins/Interchange/Runtime/Content/gltf/MaterialInstances_MR/MI_Opaque_ClearCoat_TS.uexp" 820
"../../../Engine/Plugins/Interchange/Runtime/Content/gltf/MaterialInstances_MR/MI_Opaque_ClearCoat.uasset" 821
"../../../Engine/Plugins/Interchange/Runtime/Content/gltf/MaterialInstances_MR/MI_Opaque_ClearCoat.uexp" 822
"../../../Engine/Plugins/Interchange/Runtime/Content/gltf/MaterialInstances_MR/MI_Opaque.uasset" 823
"../../../Engine/Plugins/Interchange/Runtime/Content/gltf/MaterialInstances_MR/MI_Opaque.uexp" 824
"../../../Engine/Plugins/Interchange/Runtime/Content/gltf/MaterialInstances_SG/MI_Transmission_TS.uasset" 825
"../../../Engine/Plugins/Interchange/Runtime/Content/gltf/MaterialInstances_SG/MI_Transmission_TS.uexp" 826
"../../../Engine/Plugins/Interchange/Runtime/Content/gltf/MaterialInstances_SG/MI_Transmission.uasset" 827
"../../../Engine/Plugins/Interchange/Runtime/Content/gltf/MaterialInstances_SG/MI_Transmission.uexp" 828
"../../../Engine/Plugins/Interchange/Runtime/Content/gltf/MaterialInstances_SG/MI_Translucent_TS.uasset" 829
"../../../Engine/Plugins/Interchange/Runtime/Content/gltf/MaterialInstances_SG/MI_Translucent_TS.uexp" 830
"../../../Engine/Plugins/Interchange/Runtime/Content/gltf/MaterialInstances_SG/MI_Translucent_ClearCoat_TS.uasset" 831
"../../../Engine/Plugins/Interchange/Runtime/Content/gltf/MaterialInstances_SG/MI_Translucent_ClearCoat_TS.uexp" 832
"../../../Engine/Plugins/Interchange/Runtime/Content/gltf/MaterialInstances_SG/MI_Translucent_ClearCoat.uasset" 833
"../../../Engine/Plugins/Interchange/Runtime/Content/gltf/MaterialInstances_SG/MI_Translucent_ClearCoat.uexp" 834
"../../../Engine/Plugins/Interchange/Runtime/Content/gltf/MaterialInstances_SG/MI_Translucent.uasset" 835
"../../../Engine/Plugins/Interchange/Runtime/Content/gltf/MaterialInstances_SG/MI_Translucent.uexp" 836
"../../../Engine/Plugins/Interchange/Runtime/Content/gltf/MaterialInstances_SG/MI_Opaque_TS.uasset" 837
"../../../Engine/Plugins/Interchange/Runtime/Content/gltf/MaterialInstances_SG/MI_Opaque_TS.uexp" 838
"../../../Engine/Plugins/Interchange/Runtime/Content/gltf/MaterialInstances_SG/MI_Opaque_Sheen_TS.uasset" 839
"../../../Engine/Plugins/Interchange/Runtime/Content/gltf/MaterialInstances_SG/MI_Opaque_Sheen_TS.uexp" 840
"../../../Engine/Plugins/Interchange/Runtime/Content/gltf/MaterialInstances_SG/MI_Opaque_Sheen.uasset" 841
"../../../Engine/Plugins/Interchange/Runtime/Content/gltf/MaterialInstances_SG/MI_Opaque_Sheen.uexp" 842
"../../../Engine/Plugins/Interchange/Runtime/Content/gltf/MaterialInstances_SG/MI_Opaque_ClearCoat_TS.uasset" 843
"../../../Engine/Plugins/Interchange/Runtime/Content/gltf/MaterialInstances_SG/MI_Opaque_ClearCoat_TS.uexp" 844
"../../../Engine/Plugins/Interchange/Runtime/Content/gltf/MaterialInstances_SG/MI_Opaque_ClearCoat.uasset" 845
"../../../Engine/Plugins/Interchange/Runtime/Content/gltf/MaterialInstances_SG/MI_Opaque_ClearCoat.uexp" 846
"../../../Engine/Plugins/Interchange/Runtime/Content/gltf/MaterialInstances_SG/MI_Opaque.uasset" 847
"../../../Engine/Plugins/Interchange/Runtime/Content/gltf/MaterialInstances_SG/MI_Opaque.uexp" 848
"../../../Engine/Plugins/Interchange/Runtime/Content/gltf/Textures/T_Gray_Linear.uasset" 849
"../../../Engine/Plugins/Interchange/Runtime/Content/gltf/Textures/T_Gray_Linear.uexp" 850
"../../../Engine/Plugins/Interchange/Runtime/Content/gltf/Textures/T_Black_srgb.uasset" 851
"../../../Engine/Plugins/Interchange/Runtime/Content/gltf/Textures/T_Black_srgb.uexp" 852
"../../../Engine/Plugins/Interchange/Runtime/Content/Materials/UnlitMaterial.uasset" 853
"../../../Engine/Plugins/Interchange/Runtime/Content/Materials/UnlitMaterial.uexp" 854
"../../../Engine/Content/EngineMaterials/DefaultNormal.ubulk" 855
"../../../Engine/Content/EngineMaterials/DefaultNormal.uasset" 856
"../../../Engine/Content/EngineMaterials/DefaultNormal.uexp" 857
"../../../Engine/Plugins/Interchange/Runtime/Content/Materials/MapOrScalarFunction.uasset" 858
"../../../Engine/Plugins/Interchange/Runtime/Content/Materials/MapOrScalarFunction.uexp" 859
"../../../Engine/Plugins/Interchange/Runtime/Content/Materials/MapOrLinearColorFunction.uasset" 860
"../../../Engine/Plugins/Interchange/Runtime/Content/Materials/MapOrLinearColorFunction.uexp" 861
"../../../Engine/Plugins/Interchange/Runtime/Content/Materials/MapOrColorFunction.uasset" 862
"../../../Engine/Plugins/Interchange/Runtime/Content/Materials/MapOrColorFunction.uexp" 863
"../../../Engine/Plugins/Interchange/Runtime/Content/Materials/CommonMaterial.uasset" 864
"../../../Engine/Plugins/Interchange/Runtime/Content/Materials/CommonMaterial.uexp" 865
"../../../Engine/Plugins/Interchange/Runtime/Content/Materials/PBRSurfaceFunction.uasset" 866
"../../../Engine/Plugins/Interchange/Runtime/Content/Materials/PBRSurfaceFunction.uexp" 867
"../../../Engine/Plugins/Interchange/Runtime/Content/Materials/ThinTranslucentMaterial.uasset" 868
"../../../Engine/Plugins/Interchange/Runtime/Content/Materials/ThinTranslucentMaterial.uexp" 869
"../../../Engine/Plugins/Interchange/Runtime/Content/Materials/SubsurfaceMaterial.uasset" 870
"../../../Engine/Plugins/Interchange/Runtime/Content/Materials/SubsurfaceMaterial.uexp" 871
"../../../Engine/Plugins/Interchange/Runtime/Content/Materials/SheenMaterial.uasset" 872
"../../../Engine/Plugins/Interchange/Runtime/Content/Materials/SheenMaterial.uexp" 873
"../../../Engine/Content/Functions/Engine_MaterialFunctions01/Shading/ConvertFromDiffSpec.uasset" 874
"../../../Engine/Content/Functions/Engine_MaterialFunctions01/Shading/ConvertFromDiffSpec.uexp" 875
"../../../Engine/Plugins/Interchange/Runtime/Content/Materials/PhongSurfaceMaterial.uasset" 876
"../../../Engine/Plugins/Interchange/Runtime/Content/Materials/PhongSurfaceMaterial.uexp" 877
"../../../Engine/Plugins/Interchange/Runtime/Content/Materials/PBRSurfaceMaterial.uasset" 878
"../../../Engine/Plugins/Interchange/Runtime/Content/Materials/PBRSurfaceMaterial.uexp" 879
"../../../Engine/Content/EngineMaterials/FlatNormal.uasset" 880
"../../../Engine/Content/EngineMaterials/FlatNormal.uexp" 881
"../../../Engine/Content/EditorLandscapeResources/WhiteSquareTexture.uasset" 882
"../../../Engine/Content/EditorLandscapeResources/WhiteSquareTexture.uexp" 883
"../../../Engine/Plugins/Interchange/Runtime/Content/Materials/OrenNayerMaterial.uasset" 884
"../../../Engine/Plugins/Interchange/Runtime/Content/Materials/OrenNayerMaterial.uexp" 885
"../../../Engine/Plugins/Interchange/Runtime/Content/Materials/LambertSurfaceMaterial.uasset" 886
"../../../Engine/Plugins/Interchange/Runtime/Content/Materials/LambertSurfaceMaterial.uexp" 887
"../../../Engine/Plugins/Interchange/Runtime/Content/Materials/ClearCoatMaterial.uasset" 888
"../../../Engine/Plugins/Interchange/Runtime/Content/Materials/ClearCoatMaterial.uexp" 889
"../../../Engine/Plugins/Interchange/Runtime/Content/Pipelines/DefaultTexturePipeline.uasset" 890
"../../../Engine/Plugins/Interchange/Runtime/Content/Pipelines/DefaultTexturePipeline.uexp" 891
"../../../Engine/Plugins/Interchange/Runtime/Content/Pipelines/DefaultSceneLevelPipeline.uasset" 892
"../../../Engine/Plugins/Interchange/Runtime/Content/Pipelines/DefaultSceneLevelPipeline.uexp" 893
"../../../Engine/Plugins/Interchange/Runtime/Content/Pipelines/DefaultSceneAssetsPipeline.uasset" 894
"../../../Engine/Plugins/Interchange/Runtime/Content/Pipelines/DefaultSceneAssetsPipeline.uexp" 895
"../../../Engine/Plugins/Interchange/Runtime/Content/Pipelines/DefaultMaterialPipeline.uasset" 896
"../../../Engine/Plugins/Interchange/Runtime/Content/Pipelines/DefaultMaterialPipeline.uexp" 897
"../../../Engine/Plugins/Interchange/Runtime/Content/Pipelines/DefaultAssetsPipeline.uasset" 898
"../../../Engine/Plugins/Interchange/Runtime/Content/Pipelines/DefaultAssetsPipeline.uexp" 899
"C:/Users/vantan/Documents/Vantan/Unreal Project/Unreal3/Shooting/Content/LevelPrototyping/Materials/MI_PrototypeGrid_TopDark.uasset" 900
"C:/Users/vantan/Documents/Vantan/Unreal Project/Unreal3/Shooting/Content/LevelPrototyping/Materials/MI_PrototypeGrid_TopDark.uexp" 901
"../../../Engine/Plugins/Runtime/MeshModelingToolset/Content/Materials/M_DynamicMeshComponentVtxColor.uasset" 902
"../../../Engine/Plugins/Runtime/MeshModelingToolset/Content/Materials/M_DynamicMeshComponentVtxColor.uexp" 903
"C:/Users/vantan/Documents/Vantan/Unreal Project/Unreal3/Shooting/Content/EnemyBP/Mutant/BB_Mutant.uasset" 904
"C:/Users/vantan/Documents/Vantan/Unreal Project/Unreal3/Shooting/Content/EnemyBP/Mutant/BB_Mutant.uexp" 905
"C:/Users/vantan/Documents/Vantan/Unreal Project/Unreal3/Shooting/Content/EnemyBP/Mutant/BT_Mutant.uasset" 906
"C:/Users/vantan/Documents/Vantan/Unreal Project/Unreal3/Shooting/Content/EnemyBP/Mutant/BT_Mutant.uexp" 907
"C:/Users/vantan/Documents/Vantan/Unreal Project/Unreal3/Shooting/Content/Horror_Pack_Vol_1/Zombie_mutant/Animations/Anim_Zombie_mutant_Get_hit_1_.uasset" 908
"C:/Users/vantan/Documents/Vantan/Unreal Project/Unreal3/Shooting/Content/Horror_Pack_Vol_1/Zombie_mutant/Animations/Anim_Zombie_mutant_Get_hit_1_.uexp" 909
"C:/Users/vantan/Documents/Vantan/Unreal Project/Unreal3/Shooting/Content/Horror_Pack_Vol_1/Zombie_mutant/Animations/Anim_Zombie_mutant_Get_hit_1__Montage.uasset" 910
"C:/Users/vantan/Documents/Vantan/Unreal Project/Unreal3/Shooting/Content/Horror_Pack_Vol_1/Zombie_mutant/Animations/Anim_Zombie_mutant_Get_hit_1__Montage.uexp" 911
"C:/Users/vantan/Documents/Vantan/Unreal Project/Unreal3/Shooting/Content/Horror_Pack_Vol_1/Zombie_mutant/Animations/Anim_Zombie_mutant_Attack_2_.uasset" 912
"C:/Users/vantan/Documents/Vantan/Unreal Project/Unreal3/Shooting/Content/Horror_Pack_Vol_1/Zombie_mutant/Animations/Anim_Zombie_mutant_Attack_2_.uexp" 913
"C:/Users/vantan/Documents/Vantan/Unreal Project/Unreal3/Shooting/Content/Horror_Pack_Vol_1/Zombie_mutant/Animations/Anim_Zombie_mutant_Attack_2__Montage.uasset" 914
"C:/Users/vantan/Documents/Vantan/Unreal Project/Unreal3/Shooting/Content/Horror_Pack_Vol_1/Zombie_mutant/Animations/Anim_Zombie_mutant_Attack_2__Montage.uexp" 915
"C:/Users/vantan/Documents/Vantan/Unreal Project/Unreal3/Shooting/Content/Horror_Pack_Vol_1/Zombie_mutant/Animations/Anim_Zombie_mutant_Walk.uasset" 916
"C:/Users/vantan/Documents/Vantan/Unreal Project/Unreal3/Shooting/Content/Horror_Pack_Vol_1/Zombie_mutant/Animations/Anim_Zombie_mutant_Walk.uexp" 917
"C:/Users/vantan/Documents/Vantan/Unreal Project/Unreal3/Shooting/Content/Horror_Pack_Vol_1/Zombie_mutant/Animations/Anim_Zombie_mutant_Idle_1_.uasset" 918
"C:/Users/vantan/Documents/Vantan/Unreal Project/Unreal3/Shooting/Content/Horror_Pack_Vol_1/Zombie_mutant/Animations/Anim_Zombie_mutant_Idle_1_.uexp" 919
"C:/Users/vantan/Documents/Vantan/Unreal Project/Unreal3/Shooting/Content/EnemyBP/Mutant/NewBlendSpace1D.uasset" 920
"C:/Users/vantan/Documents/Vantan/Unreal Project/Unreal3/Shooting/Content/EnemyBP/Mutant/NewBlendSpace1D.uexp" 921
"C:/Users/vantan/Documents/Vantan/Unreal Project/Unreal3/Shooting/Content/EnemyBP/Mutant/ABP_Mutant1.uasset" 922
"C:/Users/vantan/Documents/Vantan/Unreal Project/Unreal3/Shooting/Content/EnemyBP/Mutant/ABP_Mutant1.uexp" 923
"C:/Users/vantan/Documents/Vantan/Unreal Project/Unreal3/Shooting/Content/EnemyBP/Mutant/MyEnemySample.uasset" 924
"C:/Users/vantan/Documents/Vantan/Unreal Project/Unreal3/Shooting/Content/EnemyBP/Mutant/MyEnemySample.uexp" 925
"C:/Users/vantan/Documents/Vantan/Unreal Project/Unreal3/Shooting/Content/FirstPerson/Input/Actions/IA_Shoot.uasset" 926
"C:/Users/vantan/Documents/Vantan/Unreal Project/Unreal3/Shooting/Content/FirstPerson/Input/Actions/IA_Shoot.uexp" 927
"C:/Users/vantan/Documents/Vantan/Unreal Project/Unreal3/Shooting/Content/FirstPerson/Input/IMC_Weapons.uasset" 928
"C:/Users/vantan/Documents/Vantan/Unreal Project/Unreal3/Shooting/Content/FirstPerson/Input/IMC_Weapons.uexp" 929
"C:/Users/vantan/Documents/Vantan/Unreal Project/Unreal3/Shooting/Content/FPWeapon/Mesh/SK_FPGun_Skeleton.uasset" 930
"C:/Users/vantan/Documents/Vantan/Unreal Project/Unreal3/Shooting/Content/FPWeapon/Mesh/SK_FPGun_Skeleton.uexp" 931
"C:/Users/vantan/Documents/Vantan/Unreal Project/Unreal3/Shooting/Content/FPWeapon/Materials/MaterialLayers/T_ML_Rubber_Blue_01_D.ubulk" 932
"C:/Users/vantan/Documents/Vantan/Unreal Project/Unreal3/Shooting/Content/FPWeapon/Materials/MaterialLayers/T_ML_Rubber_Blue_01_D.uasset" 933
"C:/Users/vantan/Documents/Vantan/Unreal Project/Unreal3/Shooting/Content/FPWeapon/Materials/MaterialLayers/T_ML_Rubber_Blue_01_D.uexp" 934
"C:/Users/vantan/Documents/Vantan/Unreal Project/Unreal3/Shooting/Content/FPWeapon/Textures/T_FPGun_N.ubulk" 935
"C:/Users/vantan/Documents/Vantan/Unreal Project/Unreal3/Shooting/Content/FPWeapon/Textures/T_FPGun_N.uasset" 936
"C:/Users/vantan/Documents/Vantan/Unreal Project/Unreal3/Shooting/Content/FPWeapon/Textures/T_FPGun_N.uexp" 937
"C:/Users/vantan/Documents/Vantan/Unreal Project/Unreal3/Shooting/Content/FPWeapon/Materials/MaterialLayers/T_ML_Rubber_Blue_01_N.ubulk" 938
"C:/Users/vantan/Documents/Vantan/Unreal Project/Unreal3/Shooting/Content/FPWeapon/Materials/MaterialLayers/T_ML_Rubber_Blue_01_N.uasset" 939
"C:/Users/vantan/Documents/Vantan/Unreal Project/Unreal3/Shooting/Content/FPWeapon/Materials/MaterialLayers/T_ML_Rubber_Blue_01_N.uexp" 940
"C:/Users/vantan/Documents/Vantan/Unreal Project/Unreal3/Shooting/Content/FPWeapon/Materials/MaterialLayers/ML_Screen.uasset" 941
"C:/Users/vantan/Documents/Vantan/Unreal Project/Unreal3/Shooting/Content/FPWeapon/Materials/MaterialLayers/ML_Screen.uexp" 942
"C:/Users/vantan/Documents/Vantan/Unreal Project/Unreal3/Shooting/Content/FPWeapon/Materials/MaterialLayers/T_ML_Aluminum01_N.ubulk" 943
"C:/Users/vantan/Documents/Vantan/Unreal Project/Unreal3/Shooting/Content/FPWeapon/Materials/MaterialLayers/T_ML_Aluminum01_N.uasset" 944
"C:/Users/vantan/Documents/Vantan/Unreal Project/Unreal3/Shooting/Content/FPWeapon/Materials/MaterialLayers/T_ML_Aluminum01_N.uexp" 945
"C:/Users/vantan/Documents/Vantan/Unreal Project/Unreal3/Shooting/Content/FPWeapon/Materials/MaterialLayers/T_ML_Aluminum01.ubulk" 946
"C:/Users/vantan/Documents/Vantan/Unreal Project/Unreal3/Shooting/Content/FPWeapon/Materials/MaterialLayers/T_ML_Aluminum01.uasset" 947
"C:/Users/vantan/Documents/Vantan/Unreal Project/Unreal3/Shooting/Content/FPWeapon/Materials/MaterialLayers/T_ML_Aluminum01.uexp" 948
"C:/Users/vantan/Documents/Vantan/Unreal Project/Unreal3/Shooting/Content/FPWeapon/Materials/MaterialLayers/ML_SoftMetal_UE4.uasset" 949
"C:/Users/vantan/Documents/Vantan/Unreal Project/Unreal3/Shooting/Content/FPWeapon/Materials/MaterialLayers/ML_SoftMetal_UE4.uexp" 950
"C:/Users/vantan/Documents/Vantan/Unreal Project/Unreal3/Shooting/Content/FPWeapon/Textures/T_FPGun_M.ubulk" 951
"C:/Users/vantan/Documents/Vantan/Unreal Project/Unreal3/Shooting/Content/FPWeapon/Textures/T_FPGun_M.uasset" 952
"C:/Users/vantan/Documents/Vantan/Unreal Project/Unreal3/Shooting/Content/FPWeapon/Textures/T_FPGun_M.uexp" 953
"C:/Users/vantan/Documents/Vantan/Unreal Project/Unreal3/Shooting/Content/FPWeapon/Materials/MaterialLayers/ML_Plastic_Shiny_Beige.uasset" 954
"C:/Users/vantan/Documents/Vantan/Unreal Project/Unreal3/Shooting/Content/FPWeapon/Materials/MaterialLayers/ML_Plastic_Shiny_Beige.uexp" 955
"C:/Users/vantan/Documents/Vantan/Unreal Project/Unreal3/Shooting/Content/FPWeapon/Materials/MaterialLayers/ML_GlossyBlack_Latex_UE4.uasset" 956
"C:/Users/vantan/Documents/Vantan/Unreal Project/Unreal3/Shooting/Content/FPWeapon/Materials/MaterialLayers/ML_GlossyBlack_Latex_UE4.uexp" 957
"C:/Users/vantan/Documents/Vantan/Unreal Project/Unreal3/Shooting/Content/FPWeapon/Materials/M_FPGun.uasset" 958
"C:/Users/vantan/Documents/Vantan/Unreal Project/Unreal3/Shooting/Content/FPWeapon/Materials/M_FPGun.uexp" 959
"C:/Users/vantan/Documents/Vantan/Unreal Project/Unreal3/Shooting/Content/FPWeapon/Mesh/SK_FPGun_Physics.uasset" 960
"C:/Users/vantan/Documents/Vantan/Unreal Project/Unreal3/Shooting/Content/FPWeapon/Mesh/SK_FPGun_Physics.uexp" 961
"C:/Users/vantan/Documents/Vantan/Unreal Project/Unreal3/Shooting/Content/FPWeapon/Mesh/SK_FPGun.uasset" 962
"C:/Users/vantan/Documents/Vantan/Unreal Project/Unreal3/Shooting/Content/FPWeapon/Mesh/SK_FPGun.uexp" 963
"C:/Users/vantan/Documents/Vantan/Unreal Project/Unreal3/Shooting/Content/FPWeapon/Audio/FirstPersonTemplateWeaponFire02.ubulk" 964
"C:/Users/vantan/Documents/Vantan/Unreal Project/Unreal3/Shooting/Content/FPWeapon/Audio/FirstPersonTemplateWeaponFire02.uasset" 965
"C:/Users/vantan/Documents/Vantan/Unreal Project/Unreal3/Shooting/Content/FPWeapon/Audio/FirstPersonTemplateWeaponFire02.uexp" 966
"C:/Users/vantan/Documents/Vantan/Unreal Project/Unreal3/Shooting/Content/FPWeapon/Materials/BaseMaterial.uasset" 967
"C:/Users/vantan/Documents/Vantan/Unreal Project/Unreal3/Shooting/Content/FPWeapon/Materials/BaseMaterial.uexp" 968
"C:/Users/vantan/Documents/Vantan/Unreal Project/Unreal3/Shooting/Content/FPWeapon/Materials/FirstPersonProjectileMaterial.uasset" 969
"C:/Users/vantan/Documents/Vantan/Unreal Project/Unreal3/Shooting/Content/FPWeapon/Materials/FirstPersonProjectileMaterial.uexp" 970
"C:/Users/vantan/Documents/Vantan/Unreal Project/Unreal3/Shooting/Content/FPWeapon/Mesh/FirstPersonProjectileMesh.ubulk" 971
"C:/Users/vantan/Documents/Vantan/Unreal Project/Unreal3/Shooting/Content/FPWeapon/Mesh/FirstPersonProjectileMesh.uasset" 972
"C:/Users/vantan/Documents/Vantan/Unreal Project/Unreal3/Shooting/Content/FPWeapon/Mesh/FirstPersonProjectileMesh.uexp" 973
"C:/Users/vantan/Documents/Vantan/Unreal Project/Unreal3/Shooting/Content/FirstPerson/Blueprints/BP_FirstPersonProjectile.uasset" 974
"C:/Users/vantan/Documents/Vantan/Unreal Project/Unreal3/Shooting/Content/FirstPerson/Blueprints/BP_FirstPersonProjectile.uexp" 975
"C:/Users/vantan/Documents/Vantan/Unreal Project/Unreal3/Shooting/Content/FirstPersonArms/Animations/FP_Rifle_Fire.uasset" 976
"C:/Users/vantan/Documents/Vantan/Unreal Project/Unreal3/Shooting/Content/FirstPersonArms/Animations/FP_Rifle_Fire.uexp" 977
"C:/Users/vantan/Documents/Vantan/Unreal Project/Unreal3/Shooting/Content/FirstPersonArms/Animations/FP_Rifle_Shoot_Montage.uasset" 978
"C:/Users/vantan/Documents/Vantan/Unreal Project/Unreal3/Shooting/Content/FirstPersonArms/Animations/FP_Rifle_Shoot_Montage.uexp" 979
"C:/Users/vantan/Documents/Vantan/Unreal Project/Unreal3/Shooting/Content/FirstPerson/Blueprints/BP_PickUp_Rifle.uasset" 980
"C:/Users/vantan/Documents/Vantan/Unreal Project/Unreal3/Shooting/Content/FirstPerson/Blueprints/BP_PickUp_Rifle.uexp" 981
"../../../Engine/Content/Maps/Entry_BuiltData.uasset" 982
"../../../Engine/Content/Maps/Entry_BuiltData.uexp" 983
"../../../Engine/Content/Maps/Entry.uexp" 984
"../../../Engine/Content/Maps/Entry.umap" 985
"../../../Engine/Content/Maps/Templates/HLODs/HLODLayer_Instanced.uasset" 986
"../../../Engine/Content/Maps/Templates/HLODs/HLODLayer_Instanced.uexp" 987
"C:/Users/vantan/Documents/Vantan/Unreal Project/Unreal3/Shooting/Content/FirstPerson/Maps/FirstPersonMap.uexp" 988
"C:/Users/vantan/Documents/Vantan/Unreal Project/Unreal3/Shooting/Content/FirstPerson/Maps/FirstPersonMap.umap" 989
